[2017-04-11 03:17:13] local.ERROR: exception 'Swift_TransportException' with message 'Expected response code 250 but got code "530", with message "530 5.7.1 Authentication required
"' in /Users/dimiantoni/dev/sp/vendor/swiftmailer/swiftmailer/lib/classes/Swift/Transport/AbstractSmtpTransport.php:383
Stack trace:
#0 /Users/dimiantoni/dev/sp/vendor/swiftmailer/swiftmailer/lib/classes/Swift/Transport/AbstractSmtpTransport.php(281): Swift_Transport_AbstractSmtpTransport->_assertResponseCode('530 5.7.1 Authe...', Array)
#1 /Users/dimiantoni/dev/sp/vendor/swiftmailer/swiftmailer/lib/classes/Swift/Transport/EsmtpTransport.php(270): Swift_Transport_AbstractSmtpTransport->executeCommand('MAIL FROM:<hell...', Array, Array)
#2 /Users/dimiantoni/dev/sp/vendor/swiftmailer/swiftmailer/lib/classes/Swift/Transport/EsmtpTransport.php(347): Swift_Transport_EsmtpTransport->executeCommand('MAIL FROM:<hell...', Array)
#3 /Users/dimiantoni/dev/sp/vendor/swiftmailer/swiftmailer/lib/classes/Swift/Transport/AbstractSmtpTransport.php(416): Swift_Transport_EsmtpTransport->_doMailFromCommand('hello@example.c...')
#4 /Users/dimiantoni/dev/sp/vendor/swiftmailer/swiftmailer/lib/classes/Swift/Transport/AbstractSmtpTransport.php(444): Swift_Transport_AbstractSmtpTransport->_doMailTransaction(Object(Swift_Message), 'hello@example.c...', Array, Array)
#5 /Users/dimiantoni/dev/sp/vendor/swiftmailer/swiftmailer/lib/classes/Swift/Transport/AbstractSmtpTransport.php(176): Swift_Transport_AbstractSmtpTransport->_sendTo(Object(Swift_Message), 'hello@example.c...', Array, Array)
#6 /Users/dimiantoni/dev/sp/vendor/swiftmailer/swiftmailer/lib/classes/Swift/Mailer.php(85): Swift_Transport_AbstractSmtpTransport->send(Object(Swift_Message), Array)
#7 /Users/dimiantoni/dev/sp/vendor/laravel/framework/src/Illuminate/Mail/Mailer.php(395): Swift_Mailer->send(Object(Swift_Message), Array)
#8 /Users/dimiantoni/dev/sp/vendor/laravel/framework/src/Illuminate/Mail/Mailer.php(217): Illuminate\Mail\Mailer->sendSwiftMessage(Object(Swift_Message))
#9 /Users/dimiantoni/dev/sp/vendor/laravel/framework/src/Illuminate/Notifications/Channels/MailChannel.php(85): Illuminate\Mail\Mailer->send(Array, Array, Object(Closure))
#10 /Users/dimiantoni/dev/sp/vendor/laravel/framework/src/Illuminate/Notifications/ChannelManager.php(79): Illuminate\Notifications\Channels\MailChannel->send(Object(App\User), Object(Illuminate\Auth\Notifications\ResetPassword))
#11 /Users/dimiantoni/dev/sp/vendor/laravel/framework/src/Illuminate/Notifications/ChannelManager.php(43): Illuminate\Notifications\ChannelManager->sendNow(Object(Illuminate\Database\Eloquent\Collection), Object(Illuminate\Auth\Notifications\ResetPassword))
#12 /Users/dimiantoni/dev/sp/vendor/laravel/framework/src/Illuminate/Notifications/RoutesNotifications.php(18): Illuminate\Notifications\ChannelManager->send(Object(App\User), Object(Illuminate\Auth\Notifications\ResetPassword))
#13 /Users/dimiantoni/dev/sp/vendor/laravel/framework/src/Illuminate/Auth/Passwords/CanResetPassword.php(27): App\User->notify(Object(Illuminate\Auth\Notifications\ResetPassword))
#14 /Users/dimiantoni/dev/sp/vendor/laravel/framework/src/Illuminate/Auth/Passwords/PasswordBroker.php(71): Illuminate\Foundation\Auth\User->sendPasswordResetNotification('3ae6b9018fb194d...')
#15 /Users/dimiantoni/dev/sp/vendor/laravel/framework/src/Illuminate/Foundation/Auth/SendsPasswordResetEmails.php(35): Illuminate\Auth\Passwords\PasswordBroker->sendResetLink(Array)
#16 [internal function]: App\Http\Controllers\Auth\ForgotPasswordController->sendResetLinkEmail(Object(Illuminate\Http\Request))
#17 /Users/dimiantoni/dev/sp/vendor/laravel/framework/src/Illuminate/Routing/Controller.php(55): call_user_func_array(Array, Array)
#18 /Users/dimiantoni/dev/sp/vendor/laravel/framework/src/Illuminate/Routing/ControllerDispatcher.php(44): Illuminate\Routing\Controller->callAction('sendResetLinkEm...', Array)
#19 /Users/dimiantoni/dev/sp/vendor/laravel/framework/src/Illuminate/Routing/Route.php(190): Illuminate\Routing\ControllerDispatcher->dispatch(Object(Illuminate\Routing\Route), Object(App\Http\Controllers\Auth\ForgotPasswordController), 'sendResetLinkEm...')
#20 /Users/dimiantoni/dev/sp/vendor/laravel/framework/src/Illuminate/Routing/Route.php(144): Illuminate\Routing\Route->runController()
#21 /Users/dimiantoni/dev/sp/vendor/laravel/framework/src/Illuminate/Routing/Router.php(653): Illuminate\Routing\Route->run(Object(Illuminate\Http\Request))
#22 /Users/dimiantoni/dev/sp/vendor/laravel/framework/src/Illuminate/Routing/Pipeline.php(53): Illuminate\Routing\Router->Illuminate\Routing\{closure}(Object(Illuminate\Http\Request))
#23 /Users/dimiantoni/dev/sp/app/Http/Middleware/RedirectIfAuthenticated.php(24): Illuminate\Routing\Pipeline->Illuminate\Routing\{closure}(Object(Illuminate\Http\Request))
#24 /Users/dimiantoni/dev/sp/vendor/laravel/framework/src/Illuminate/Pipeline/Pipeline.php(137): App\Http\Middleware\RedirectIfAuthenticated->handle(Object(Illuminate\Http\Request), Object(Closure))
#25 /Users/dimiantoni/dev/sp/vendor/laravel/framework/src/Illuminate/Routing/Pipeline.php(33): Illuminate\Pipeline\Pipeline->Illuminate\Pipeline\{closure}(Object(Illuminate\Http\Request))
#26 /Users/dimiantoni/dev/sp/vendor/laravel/framework/src/Illuminate/Routing/Middleware/SubstituteBindings.php(41): Illuminate\Routing\Pipeline->Illuminate\Routing\{closure}(Object(Illuminate\Http\Request))
#27 /Users/dimiantoni/dev/sp/vendor/laravel/framework/src/Illuminate/Pipeline/Pipeline.php(137): Illuminate\Routing\Middleware\SubstituteBindings->handle(Object(Illuminate\Http\Request), Object(Closure))
#28 /Users/dimiantoni/dev/sp/vendor/laravel/framework/src/Illuminate/Routing/Pipeline.php(33): Illuminate\Pipeline\Pipeline->Illuminate\Pipeline\{closure}(Object(Illuminate\Http\Request))
#29 /Users/dimiantoni/dev/sp/vendor/laravel/framework/src/Illuminate/Foundation/Http/Middleware/VerifyCsrfToken.php(65): Illuminate\Routing\Pipeline->Illuminate\Routing\{closure}(Object(Illuminate\Http\Request))
#30 /Users/dimiantoni/dev/sp/vendor/laravel/framework/src/Illuminate/Pipeline/Pipeline.php(137): Illuminate\Foundation\Http\Middleware\VerifyCsrfToken->handle(Object(Illuminate\Http\Request), Object(Closure))
#31 /Users/dimiantoni/dev/sp/vendor/laravel/framework/src/Illuminate/Routing/Pipeline.php(33): Illuminate\Pipeline\Pipeline->Illuminate\Pipeline\{closure}(Object(Illuminate\Http\Request))
#32 /Users/dimiantoni/dev/sp/vendor/laravel/framework/src/Illuminate/View/Middleware/ShareErrorsFromSession.php(49): Illuminate\Routing\Pipeline->Illuminate\Routing\{closure}(Object(Illuminate\Http\Request))
#33 /Users/dimiantoni/dev/sp/vendor/laravel/framework/src/Illuminate/Pipeline/Pipeline.php(137): Illuminate\View\Middleware\ShareErrorsFromSession->handle(Object(Illuminate\Http\Request), Object(Closure))
#34 /Users/dimiantoni/dev/sp/vendor/laravel/framework/src/Illuminate/Routing/Pipeline.php(33): Illuminate\Pipeline\Pipeline->Illuminate\Pipeline\{closure}(Object(Illuminate\Http\Request))
#35 /Users/dimiantoni/dev/sp/vendor/laravel/framework/src/Illuminate/Session/Middleware/StartSession.php(64): Illuminate\Routing\Pipeline->Illuminate\Routing\{closure}(Object(Illuminate\Http\Request))
#36 /Users/dimiantoni/dev/sp/vendor/laravel/framework/src/Illuminate/Pipeline/Pipeline.php(137): Illuminate\Session\Middleware\StartSession->handle(Object(Illuminate\Http\Request), Object(Closure))
#37 /Users/dimiantoni/dev/sp/vendor/laravel/framework/src/Illuminate/Routing/Pipeline.php(33): Illuminate\Pipeline\Pipeline->Illuminate\Pipeline\{closure}(Object(Illuminate\Http\Request))
#38 /Users/dimiantoni/dev/sp/vendor/laravel/framework/src/Illuminate/Cookie/Middleware/AddQueuedCookiesToResponse.php(37): Illuminate\Routing\Pipeline->Illuminate\Routing\{closure}(Object(Illuminate\Http\Request))
#39 /Users/dimiantoni/dev/sp/vendor/laravel/framework/src/Illuminate/Pipeline/Pipeline.php(137): Illuminate\Cookie\Middleware\AddQueuedCookiesToResponse->handle(Object(Illuminate\Http\Request), Object(Closure))
#40 /Users/dimiantoni/dev/sp/vendor/laravel/framework/src/Illuminate/Routing/Pipeline.php(33): Illuminate\Pipeline\Pipeline->Illuminate\Pipeline\{closure}(Object(Illuminate\Http\Request))
#41 /Users/dimiantoni/dev/sp/vendor/laravel/framework/src/Illuminate/Cookie/Middleware/EncryptCookies.php(59): Illuminate\Routing\Pipeline->Illuminate\Routing\{closure}(Object(Illuminate\Http\Request))
#42 /Users/dimiantoni/dev/sp/vendor/laravel/framework/src/Illuminate/Pipeline/Pipeline.php(137): Illuminate\Cookie\Middleware\EncryptCookies->handle(Object(Illuminate\Http\Request), Object(Closure))
#43 /Users/dimiantoni/dev/sp/vendor/laravel/framework/src/Illuminate/Routing/Pipeline.php(33): Illuminate\Pipeline\Pipeline->Illuminate\Pipeline\{closure}(Object(Illuminate\Http\Request))
#44 /Users/dimiantoni/dev/sp/vendor/laravel/framework/src/Illuminate/Pipeline/Pipeline.php(104): Illuminate\Routing\Pipeline->Illuminate\Routing\{closure}(Object(Illuminate\Http\Request))
#45 /Users/dimiantoni/dev/sp/vendor/laravel/framework/src/Illuminate/Routing/Router.php(655): Illuminate\Pipeline\Pipeline->then(Object(Closure))
#46 /Users/dimiantoni/dev/sp/vendor/laravel/framework/src/Illuminate/Routing/Router.php(629): Illuminate\Routing\Router->runRouteWithinStack(Object(Illuminate\Routing\Route), Object(Illuminate\Http\Request))
#47 /Users/dimiantoni/dev/sp/vendor/laravel/framework/src/Illuminate/Routing/Router.php(607): Illuminate\Routing\Router->dispatchToRoute(Object(Illuminate\Http\Request))
#48 /Users/dimiantoni/dev/sp/vendor/laravel/framework/src/Illuminate/Foundation/Http/Kernel.php(268): Illuminate\Routing\Router->dispatch(Object(Illuminate\Http\Request))
#49 /Users/dimiantoni/dev/sp/vendor/laravel/framework/src/Illuminate/Routing/Pipeline.php(53): Illuminate\Foundation\Http\Kernel->Illuminate\Foundation\Http\{closure}(Object(Illuminate\Http\Request))
#50 /Users/dimiantoni/dev/sp/vendor/laravel/framework/src/Illuminate/Foundation/Http/Middleware/CheckForMaintenanceMode.php(46): Illuminate\Routing\Pipeline->Illuminate\Routing\{closure}(Object(Illuminate\Http\Request))
#51 /Users/dimiantoni/dev/sp/vendor/laravel/framework/src/Illuminate/Pipeline/Pipeline.php(137): Illuminate\Foundation\Http\Middleware\CheckForMaintenanceMode->handle(Object(Illuminate\Http\Request), Object(Closure))
#52 /Users/dimiantoni/dev/sp/vendor/laravel/framework/src/Illuminate/Routing/Pipeline.php(33): Illuminate\Pipeline\Pipeline->Illuminate\Pipeline\{closure}(Object(Illuminate\Http\Request))
#53 /Users/dimiantoni/dev/sp/vendor/laravel/framework/src/Illuminate/Pipeline/Pipeline.php(104): Illuminate\Routing\Pipeline->Illuminate\Routing\{closure}(Object(Illuminate\Http\Request))
#54 /Users/dimiantoni/dev/sp/vendor/laravel/framework/src/Illuminate/Foundation/Http/Kernel.php(150): Illuminate\Pipeline\Pipeline->then(Object(Closure))
#55 /Users/dimiantoni/dev/sp/vendor/laravel/framework/src/Illuminate/Foundation/Http/Kernel.php(117): Illuminate\Foundation\Http\Kernel->sendRequestThroughRouter(Object(Illuminate\Http\Request))
#56 /Users/dimiantoni/dev/sp/public/index.php(54): Illuminate\Foundation\Http\Kernel->handle(Object(Illuminate\Http\Request))
#57 /Users/dimiantoni/dev/sp/server.php(21): require_once('/Users/dimianto...')
#58 {main}  
[2017-04-11 03:18:45] local.ERROR: exception 'Swift_TransportException' with message 'Expected response code 250 but got code "530", with message "530 5.7.1 Authentication required
"' in /Users/dimiantoni/dev/sp/vendor/swiftmailer/swiftmailer/lib/classes/Swift/Transport/AbstractSmtpTransport.php:383
Stack trace:
#0 /Users/dimiantoni/dev/sp/vendor/swiftmailer/swiftmailer/lib/classes/Swift/Transport/AbstractSmtpTransport.php(281): Swift_Transport_AbstractSmtpTransport->_assertResponseCode('530 5.7.1 Authe...', Array)
#1 /Users/dimiantoni/dev/sp/vendor/swiftmailer/swiftmailer/lib/classes/Swift/Transport/EsmtpTransport.php(270): Swift_Transport_AbstractSmtpTransport->executeCommand('MAIL FROM:<hell...', Array, Array)
#2 /Users/dimiantoni/dev/sp/vendor/swiftmailer/swiftmailer/lib/classes/Swift/Transport/EsmtpTransport.php(347): Swift_Transport_EsmtpTransport->executeCommand('MAIL FROM:<hell...', Array)
#3 /Users/dimiantoni/dev/sp/vendor/swiftmailer/swiftmailer/lib/classes/Swift/Transport/AbstractSmtpTransport.php(416): Swift_Transport_EsmtpTransport->_doMailFromCommand('hello@example.c...')
#4 /Users/dimiantoni/dev/sp/vendor/swiftmailer/swiftmailer/lib/classes/Swift/Transport/AbstractSmtpTransport.php(444): Swift_Transport_AbstractSmtpTransport->_doMailTransaction(Object(Swift_Message), 'hello@example.c...', Array, Array)
#5 /Users/dimiantoni/dev/sp/vendor/swiftmailer/swiftmailer/lib/classes/Swift/Transport/AbstractSmtpTransport.php(176): Swift_Transport_AbstractSmtpTransport->_sendTo(Object(Swift_Message), 'hello@example.c...', Array, Array)
#6 /Users/dimiantoni/dev/sp/vendor/swiftmailer/swiftmailer/lib/classes/Swift/Mailer.php(85): Swift_Transport_AbstractSmtpTransport->send(Object(Swift_Message), Array)
#7 /Users/dimiantoni/dev/sp/vendor/laravel/framework/src/Illuminate/Mail/Mailer.php(395): Swift_Mailer->send(Object(Swift_Message), Array)
#8 /Users/dimiantoni/dev/sp/vendor/laravel/framework/src/Illuminate/Mail/Mailer.php(217): Illuminate\Mail\Mailer->sendSwiftMessage(Object(Swift_Message))
#9 /Users/dimiantoni/dev/sp/vendor/laravel/framework/src/Illuminate/Notifications/Channels/MailChannel.php(85): Illuminate\Mail\Mailer->send(Array, Array, Object(Closure))
#10 /Users/dimiantoni/dev/sp/vendor/laravel/framework/src/Illuminate/Notifications/ChannelManager.php(79): Illuminate\Notifications\Channels\MailChannel->send(Object(App\User), Object(Illuminate\Auth\Notifications\ResetPassword))
#11 /Users/dimiantoni/dev/sp/vendor/laravel/framework/src/Illuminate/Notifications/ChannelManager.php(43): Illuminate\Notifications\ChannelManager->sendNow(Object(Illuminate\Database\Eloquent\Collection), Object(Illuminate\Auth\Notifications\ResetPassword))
#12 /Users/dimiantoni/dev/sp/vendor/laravel/framework/src/Illuminate/Notifications/RoutesNotifications.php(18): Illuminate\Notifications\ChannelManager->send(Object(App\User), Object(Illuminate\Auth\Notifications\ResetPassword))
#13 /Users/dimiantoni/dev/sp/vendor/laravel/framework/src/Illuminate/Auth/Passwords/CanResetPassword.php(27): App\User->notify(Object(Illuminate\Auth\Notifications\ResetPassword))
#14 /Users/dimiantoni/dev/sp/vendor/laravel/framework/src/Illuminate/Auth/Passwords/PasswordBroker.php(71): Illuminate\Foundation\Auth\User->sendPasswordResetNotification('ef1add54825635c...')
#15 /Users/dimiantoni/dev/sp/vendor/laravel/framework/src/Illuminate/Foundation/Auth/SendsPasswordResetEmails.php(35): Illuminate\Auth\Passwords\PasswordBroker->sendResetLink(Array)
#16 [internal function]: App\Http\Controllers\Auth\ForgotPasswordController->sendResetLinkEmail(Object(Illuminate\Http\Request))
#17 /Users/dimiantoni/dev/sp/vendor/laravel/framework/src/Illuminate/Routing/Controller.php(55): call_user_func_array(Array, Array)
#18 /Users/dimiantoni/dev/sp/vendor/laravel/framework/src/Illuminate/Routing/ControllerDispatcher.php(44): Illuminate\Routing\Controller->callAction('sendResetLinkEm...', Array)
#19 /Users/dimiantoni/dev/sp/vendor/laravel/framework/src/Illuminate/Routing/Route.php(190): Illuminate\Routing\ControllerDispatcher->dispatch(Object(Illuminate\Routing\Route), Object(App\Http\Controllers\Auth\ForgotPasswordController), 'sendResetLinkEm...')
#20 /Users/dimiantoni/dev/sp/vendor/laravel/framework/src/Illuminate/Routing/Route.php(144): Illuminate\Routing\Route->runController()
#21 /Users/dimiantoni/dev/sp/vendor/laravel/framework/src/Illuminate/Routing/Router.php(653): Illuminate\Routing\Route->run(Object(Illuminate\Http\Request))
#22 /Users/dimiantoni/dev/sp/vendor/laravel/framework/src/Illuminate/Routing/Pipeline.php(53): Illuminate\Routing\Router->Illuminate\Routing\{closure}(Object(Illuminate\Http\Request))
#23 /Users/dimiantoni/dev/sp/app/Http/Middleware/RedirectIfAuthenticated.php(24): Illuminate\Routing\Pipeline->Illuminate\Routing\{closure}(Object(Illuminate\Http\Request))
#24 /Users/dimiantoni/dev/sp/vendor/laravel/framework/src/Illuminate/Pipeline/Pipeline.php(137): App\Http\Middleware\RedirectIfAuthenticated->handle(Object(Illuminate\Http\Request), Object(Closure))
#25 /Users/dimiantoni/dev/sp/vendor/laravel/framework/src/Illuminate/Routing/Pipeline.php(33): Illuminate\Pipeline\Pipeline->Illuminate\Pipeline\{closure}(Object(Illuminate\Http\Request))
#26 /Users/dimiantoni/dev/sp/vendor/laravel/framework/src/Illuminate/Routing/Middleware/SubstituteBindings.php(41): Illuminate\Routing\Pipeline->Illuminate\Routing\{closure}(Object(Illuminate\Http\Request))
#27 /Users/dimiantoni/dev/sp/vendor/laravel/framework/src/Illuminate/Pipeline/Pipeline.php(137): Illuminate\Routing\Middleware\SubstituteBindings->handle(Object(Illuminate\Http\Request), Object(Closure))
#28 /Users/dimiantoni/dev/sp/vendor/laravel/framework/src/Illuminate/Routing/Pipeline.php(33): Illuminate\Pipeline\Pipeline->Illuminate\Pipeline\{closure}(Object(Illuminate\Http\Request))
#29 /Users/dimiantoni/dev/sp/vendor/laravel/framework/src/Illuminate/Foundation/Http/Middleware/VerifyCsrfToken.php(65): Illuminate\Routing\Pipeline->Illuminate\Routing\{closure}(Object(Illuminate\Http\Request))
#30 /Users/dimiantoni/dev/sp/vendor/laravel/framework/src/Illuminate/Pipeline/Pipeline.php(137): Illuminate\Foundation\Http\Middleware\VerifyCsrfToken->handle(Object(Illuminate\Http\Request), Object(Closure))
#31 /Users/dimiantoni/dev/sp/vendor/laravel/framework/src/Illuminate/Routing/Pipeline.php(33): Illuminate\Pipeline\Pipeline->Illuminate\Pipeline\{closure}(Object(Illuminate\Http\Request))
#32 /Users/dimiantoni/dev/sp/vendor/laravel/framework/src/Illuminate/View/Middleware/ShareErrorsFromSession.php(49): Illuminate\Routing\Pipeline->Illuminate\Routing\{closure}(Object(Illuminate\Http\Request))
#33 /Users/dimiantoni/dev/sp/vendor/laravel/framework/src/Illuminate/Pipeline/Pipeline.php(137): Illuminate\View\Middleware\ShareErrorsFromSession->handle(Object(Illuminate\Http\Request), Object(Closure))
#34 /Users/dimiantoni/dev/sp/vendor/laravel/framework/src/Illuminate/Routing/Pipeline.php(33): Illuminate\Pipeline\Pipeline->Illuminate\Pipeline\{closure}(Object(Illuminate\Http\Request))
#35 /Users/dimiantoni/dev/sp/vendor/laravel/framework/src/Illuminate/Session/Middleware/StartSession.php(64): Illuminate\Routing\Pipeline->Illuminate\Routing\{closure}(Object(Illuminate\Http\Request))
#36 /Users/dimiantoni/dev/sp/vendor/laravel/framework/src/Illuminate/Pipeline/Pipeline.php(137): Illuminate\Session\Middleware\StartSession->handle(Object(Illuminate\Http\Request), Object(Closure))
#37 /Users/dimiantoni/dev/sp/vendor/laravel/framework/src/Illuminate/Routing/Pipeline.php(33): Illuminate\Pipeline\Pipeline->Illuminate\Pipeline\{closure}(Object(Illuminate\Http\Request))
#38 /Users/dimiantoni/dev/sp/vendor/laravel/framework/src/Illuminate/Cookie/Middleware/AddQueuedCookiesToResponse.php(37): Illuminate\Routing\Pipeline->Illuminate\Routing\{closure}(Object(Illuminate\Http\Request))
#39 /Users/dimiantoni/dev/sp/vendor/laravel/framework/src/Illuminate/Pipeline/Pipeline.php(137): Illuminate\Cookie\Middleware\AddQueuedCookiesToResponse->handle(Object(Illuminate\Http\Request), Object(Closure))
#40 /Users/dimiantoni/dev/sp/vendor/laravel/framework/src/Illuminate/Routing/Pipeline.php(33): Illuminate\Pipeline\Pipeline->Illuminate\Pipeline\{closure}(Object(Illuminate\Http\Request))
#41 /Users/dimiantoni/dev/sp/vendor/laravel/framework/src/Illuminate/Cookie/Middleware/EncryptCookies.php(59): Illuminate\Routing\Pipeline->Illuminate\Routing\{closure}(Object(Illuminate\Http\Request))
#42 /Users/dimiantoni/dev/sp/vendor/laravel/framework/src/Illuminate/Pipeline/Pipeline.php(137): Illuminate\Cookie\Middleware\EncryptCookies->handle(Object(Illuminate\Http\Request), Object(Closure))
#43 /Users/dimiantoni/dev/sp/vendor/laravel/framework/src/Illuminate/Routing/Pipeline.php(33): Illuminate\Pipeline\Pipeline->Illuminate\Pipeline\{closure}(Object(Illuminate\Http\Request))
#44 /Users/dimiantoni/dev/sp/vendor/laravel/framework/src/Illuminate/Pipeline/Pipeline.php(104): Illuminate\Routing\Pipeline->Illuminate\Routing\{closure}(Object(Illuminate\Http\Request))
#45 /Users/dimiantoni/dev/sp/vendor/laravel/framework/src/Illuminate/Routing/Router.php(655): Illuminate\Pipeline\Pipeline->then(Object(Closure))
#46 /Users/dimiantoni/dev/sp/vendor/laravel/framework/src/Illuminate/Routing/Router.php(629): Illuminate\Routing\Router->runRouteWithinStack(Object(Illuminate\Routing\Route), Object(Illuminate\Http\Request))
#47 /Users/dimiantoni/dev/sp/vendor/laravel/framework/src/Illuminate/Routing/Router.php(607): Illuminate\Routing\Router->dispatchToRoute(Object(Illuminate\Http\Request))
#48 /Users/dimiantoni/dev/sp/vendor/laravel/framework/src/Illuminate/Foundation/Http/Kernel.php(268): Illuminate\Routing\Router->dispatch(Object(Illuminate\Http\Request))
#49 /Users/dimiantoni/dev/sp/vendor/laravel/framework/src/Illuminate/Routing/Pipeline.php(53): Illuminate\Foundation\Http\Kernel->Illuminate\Foundation\Http\{closure}(Object(Illuminate\Http\Request))
#50 /Users/dimiantoni/dev/sp/vendor/laravel/framework/src/Illuminate/Foundation/Http/Middleware/CheckForMaintenanceMode.php(46): Illuminate\Routing\Pipeline->Illuminate\Routing\{closure}(Object(Illuminate\Http\Request))
#51 /Users/dimiantoni/dev/sp/vendor/laravel/framework/src/Illuminate/Pipeline/Pipeline.php(137): Illuminate\Foundation\Http\Middleware\CheckForMaintenanceMode->handle(Object(Illuminate\Http\Request), Object(Closure))
#52 /Users/dimiantoni/dev/sp/vendor/laravel/framework/src/Illuminate/Routing/Pipeline.php(33): Illuminate\Pipeline\Pipeline->Illuminate\Pipeline\{closure}(Object(Illuminate\Http\Request))
#53 /Users/dimiantoni/dev/sp/vendor/laravel/framework/src/Illuminate/Pipeline/Pipeline.php(104): Illuminate\Routing\Pipeline->Illuminate\Routing\{closure}(Object(Illuminate\Http\Request))
#54 /Users/dimiantoni/dev/sp/vendor/laravel/framework/src/Illuminate/Foundation/Http/Kernel.php(150): Illuminate\Pipeline\Pipeline->then(Object(Closure))
#55 /Users/dimiantoni/dev/sp/vendor/laravel/framework/src/Illuminate/Foundation/Http/Kernel.php(117): Illuminate\Foundation\Http\Kernel->sendRequestThroughRouter(Object(Illuminate\Http\Request))
#56 /Users/dimiantoni/dev/sp/public/index.php(54): Illuminate\Foundation\Http\Kernel->handle(Object(Illuminate\Http\Request))
#57 /Users/dimiantoni/dev/sp/server.php(21): require_once('/Users/dimianto...')
#58 {main}  
[2017-04-11 11:00:04] local.ERROR: exception 'Swift_TransportException' with message 'Expected response code 250 but got code "530", with message "530 5.7.1 Authentication required
"' in /Users/dimiantoni/dev/sp/vendor/swiftmailer/swiftmailer/lib/classes/Swift/Transport/AbstractSmtpTransport.php:383
Stack trace:
#0 /Users/dimiantoni/dev/sp/vendor/swiftmailer/swiftmailer/lib/classes/Swift/Transport/AbstractSmtpTransport.php(281): Swift_Transport_AbstractSmtpTransport->_assertResponseCode('530 5.7.1 Authe...', Array)
#1 /Users/dimiantoni/dev/sp/vendor/swiftmailer/swiftmailer/lib/classes/Swift/Transport/EsmtpTransport.php(270): Swift_Transport_AbstractSmtpTransport->executeCommand('MAIL FROM:<hell...', Array, Array)
#2 /Users/dimiantoni/dev/sp/vendor/swiftmailer/swiftmailer/lib/classes/Swift/Transport/EsmtpTransport.php(347): Swift_Transport_EsmtpTransport->executeCommand('MAIL FROM:<hell...', Array)
#3 /Users/dimiantoni/dev/sp/vendor/swiftmailer/swiftmailer/lib/classes/Swift/Transport/AbstractSmtpTransport.php(416): Swift_Transport_EsmtpTransport->_doMailFromCommand('hello@example.c...')
#4 /Users/dimiantoni/dev/sp/vendor/swiftmailer/swiftmailer/lib/classes/Swift/Transport/AbstractSmtpTransport.php(444): Swift_Transport_AbstractSmtpTransport->_doMailTransaction(Object(Swift_Message), 'hello@example.c...', Array, Array)
#5 /Users/dimiantoni/dev/sp/vendor/swiftmailer/swiftmailer/lib/classes/Swift/Transport/AbstractSmtpTransport.php(176): Swift_Transport_AbstractSmtpTransport->_sendTo(Object(Swift_Message), 'hello@example.c...', Array, Array)
#6 /Users/dimiantoni/dev/sp/vendor/swiftmailer/swiftmailer/lib/classes/Swift/Mailer.php(85): Swift_Transport_AbstractSmtpTransport->send(Object(Swift_Message), Array)
#7 /Users/dimiantoni/dev/sp/vendor/laravel/framework/src/Illuminate/Mail/Mailer.php(395): Swift_Mailer->send(Object(Swift_Message), Array)
#8 /Users/dimiantoni/dev/sp/vendor/laravel/framework/src/Illuminate/Mail/Mailer.php(217): Illuminate\Mail\Mailer->sendSwiftMessage(Object(Swift_Message))
#9 /Users/dimiantoni/dev/sp/vendor/laravel/framework/src/Illuminate/Notifications/Channels/MailChannel.php(85): Illuminate\Mail\Mailer->send(Array, Array, Object(Closure))
#10 /Users/dimiantoni/dev/sp/vendor/laravel/framework/src/Illuminate/Notifications/ChannelManager.php(79): Illuminate\Notifications\Channels\MailChannel->send(Object(App\User), Object(Illuminate\Auth\Notifications\ResetPassword))
#11 /Users/dimiantoni/dev/sp/vendor/laravel/framework/src/Illuminate/Notifications/ChannelManager.php(43): Illuminate\Notifications\ChannelManager->sendNow(Object(Illuminate\Database\Eloquent\Collection), Object(Illuminate\Auth\Notifications\ResetPassword))
#12 /Users/dimiantoni/dev/sp/vendor/laravel/framework/src/Illuminate/Notifications/RoutesNotifications.php(18): Illuminate\Notifications\ChannelManager->send(Object(App\User), Object(Illuminate\Auth\Notifications\ResetPassword))
#13 /Users/dimiantoni/dev/sp/vendor/laravel/framework/src/Illuminate/Auth/Passwords/CanResetPassword.php(27): App\User->notify(Object(Illuminate\Auth\Notifications\ResetPassword))
#14 /Users/dimiantoni/dev/sp/vendor/laravel/framework/src/Illuminate/Auth/Passwords/PasswordBroker.php(71): Illuminate\Foundation\Auth\User->sendPasswordResetNotification('69146c94ffeab1b...')
#15 /Users/dimiantoni/dev/sp/vendor/laravel/framework/src/Illuminate/Foundation/Auth/SendsPasswordResetEmails.php(35): Illuminate\Auth\Passwords\PasswordBroker->sendResetLink(Array)
#16 [internal function]: App\Http\Controllers\Auth\ForgotPasswordController->sendResetLinkEmail(Object(Illuminate\Http\Request))
#17 /Users/dimiantoni/dev/sp/vendor/laravel/framework/src/Illuminate/Routing/Controller.php(55): call_user_func_array(Array, Array)
#18 /Users/dimiantoni/dev/sp/vendor/laravel/framework/src/Illuminate/Routing/ControllerDispatcher.php(44): Illuminate\Routing\Controller->callAction('sendResetLinkEm...', Array)
#19 /Users/dimiantoni/dev/sp/vendor/laravel/framework/src/Illuminate/Routing/Route.php(190): Illuminate\Routing\ControllerDispatcher->dispatch(Object(Illuminate\Routing\Route), Object(App\Http\Controllers\Auth\ForgotPasswordController), 'sendResetLinkEm...')
#20 /Users/dimiantoni/dev/sp/vendor/laravel/framework/src/Illuminate/Routing/Route.php(144): Illuminate\Routing\Route->runController()
#21 /Users/dimiantoni/dev/sp/vendor/laravel/framework/src/Illuminate/Routing/Router.php(653): Illuminate\Routing\Route->run(Object(Illuminate\Http\Request))
#22 /Users/dimiantoni/dev/sp/vendor/laravel/framework/src/Illuminate/Routing/Pipeline.php(53): Illuminate\Routing\Router->Illuminate\Routing\{closure}(Object(Illuminate\Http\Request))
#23 /Users/dimiantoni/dev/sp/app/Http/Middleware/RedirectIfAuthenticated.php(24): Illuminate\Routing\Pipeline->Illuminate\Routing\{closure}(Object(Illuminate\Http\Request))
#24 /Users/dimiantoni/dev/sp/vendor/laravel/framework/src/Illuminate/Pipeline/Pipeline.php(137): App\Http\Middleware\RedirectIfAuthenticated->handle(Object(Illuminate\Http\Request), Object(Closure))
#25 /Users/dimiantoni/dev/sp/vendor/laravel/framework/src/Illuminate/Routing/Pipeline.php(33): Illuminate\Pipeline\Pipeline->Illuminate\Pipeline\{closure}(Object(Illuminate\Http\Request))
#26 /Users/dimiantoni/dev/sp/vendor/laravel/framework/src/Illuminate/Routing/Middleware/SubstituteBindings.php(41): Illuminate\Routing\Pipeline->Illuminate\Routing\{closure}(Object(Illuminate\Http\Request))
#27 /Users/dimiantoni/dev/sp/vendor/laravel/framework/src/Illuminate/Pipeline/Pipeline.php(137): Illuminate\Routing\Middleware\SubstituteBindings->handle(Object(Illuminate\Http\Request), Object(Closure))
#28 /Users/dimiantoni/dev/sp/vendor/laravel/framework/src/Illuminate/Routing/Pipeline.php(33): Illuminate\Pipeline\Pipeline->Illuminate\Pipeline\{closure}(Object(Illuminate\Http\Request))
#29 /Users/dimiantoni/dev/sp/vendor/laravel/framework/src/Illuminate/Foundation/Http/Middleware/VerifyCsrfToken.php(65): Illuminate\Routing\Pipeline->Illuminate\Routing\{closure}(Object(Illuminate\Http\Request))
#30 /Users/dimiantoni/dev/sp/vendor/laravel/framework/src/Illuminate/Pipeline/Pipeline.php(137): Illuminate\Foundation\Http\Middleware\VerifyCsrfToken->handle(Object(Illuminate\Http\Request), Object(Closure))
#31 /Users/dimiantoni/dev/sp/vendor/laravel/framework/src/Illuminate/Routing/Pipeline.php(33): Illuminate\Pipeline\Pipeline->Illuminate\Pipeline\{closure}(Object(Illuminate\Http\Request))
#32 /Users/dimiantoni/dev/sp/vendor/laravel/framework/src/Illuminate/View/Middleware/ShareErrorsFromSession.php(49): Illuminate\Routing\Pipeline->Illuminate\Routing\{closure}(Object(Illuminate\Http\Request))
#33 /Users/dimiantoni/dev/sp/vendor/laravel/framework/src/Illuminate/Pipeline/Pipeline.php(137): Illuminate\View\Middleware\ShareErrorsFromSession->handle(Object(Illuminate\Http\Request), Object(Closure))
#34 /Users/dimiantoni/dev/sp/vendor/laravel/framework/src/Illuminate/Routing/Pipeline.php(33): Illuminate\Pipeline\Pipeline->Illuminate\Pipeline\{closure}(Object(Illuminate\Http\Request))
#35 /Users/dimiantoni/dev/sp/vendor/laravel/framework/src/Illuminate/Session/Middleware/StartSession.php(64): Illuminate\Routing\Pipeline->Illuminate\Routing\{closure}(Object(Illuminate\Http\Request))
#36 /Users/dimiantoni/dev/sp/vendor/laravel/framework/src/Illuminate/Pipeline/Pipeline.php(137): Illuminate\Session\Middleware\StartSession->handle(Object(Illuminate\Http\Request), Object(Closure))
#37 /Users/dimiantoni/dev/sp/vendor/laravel/framework/src/Illuminate/Routing/Pipeline.php(33): Illuminate\Pipeline\Pipeline->Illuminate\Pipeline\{closure}(Object(Illuminate\Http\Request))
#38 /Users/dimiantoni/dev/sp/vendor/laravel/framework/src/Illuminate/Cookie/Middleware/AddQueuedCookiesToResponse.php(37): Illuminate\Routing\Pipeline->Illuminate\Routing\{closure}(Object(Illuminate\Http\Request))
#39 /Users/dimiantoni/dev/sp/vendor/laravel/framework/src/Illuminate/Pipeline/Pipeline.php(137): Illuminate\Cookie\Middleware\AddQueuedCookiesToResponse->handle(Object(Illuminate\Http\Request), Object(Closure))
#40 /Users/dimiantoni/dev/sp/vendor/laravel/framework/src/Illuminate/Routing/Pipeline.php(33): Illuminate\Pipeline\Pipeline->Illuminate\Pipeline\{closure}(Object(Illuminate\Http\Request))
#41 /Users/dimiantoni/dev/sp/vendor/laravel/framework/src/Illuminate/Cookie/Middleware/EncryptCookies.php(59): Illuminate\Routing\Pipeline->Illuminate\Routing\{closure}(Object(Illuminate\Http\Request))
#42 /Users/dimiantoni/dev/sp/vendor/laravel/framework/src/Illuminate/Pipeline/Pipeline.php(137): Illuminate\Cookie\Middleware\EncryptCookies->handle(Object(Illuminate\Http\Request), Object(Closure))
#43 /Users/dimiantoni/dev/sp/vendor/laravel/framework/src/Illuminate/Routing/Pipeline.php(33): Illuminate\Pipeline\Pipeline->Illuminate\Pipeline\{closure}(Object(Illuminate\Http\Request))
#44 /Users/dimiantoni/dev/sp/vendor/laravel/framework/src/Illuminate/Pipeline/Pipeline.php(104): Illuminate\Routing\Pipeline->Illuminate\Routing\{closure}(Object(Illuminate\Http\Request))
#45 /Users/dimiantoni/dev/sp/vendor/laravel/framework/src/Illuminate/Routing/Router.php(655): Illuminate\Pipeline\Pipeline->then(Object(Closure))
#46 /Users/dimiantoni/dev/sp/vendor/laravel/framework/src/Illuminate/Routing/Router.php(629): Illuminate\Routing\Router->runRouteWithinStack(Object(Illuminate\Routing\Route), Object(Illuminate\Http\Request))
#47 /Users/dimiantoni/dev/sp/vendor/laravel/framework/src/Illuminate/Routing/Router.php(607): Illuminate\Routing\Router->dispatchToRoute(Object(Illuminate\Http\Request))
#48 /Users/dimiantoni/dev/sp/vendor/laravel/framework/src/Illuminate/Foundation/Http/Kernel.php(268): Illuminate\Routing\Router->dispatch(Object(Illuminate\Http\Request))
#49 /Users/dimiantoni/dev/sp/vendor/laravel/framework/src/Illuminate/Routing/Pipeline.php(53): Illuminate\Foundation\Http\Kernel->Illuminate\Foundation\Http\{closure}(Object(Illuminate\Http\Request))
#50 /Users/dimiantoni/dev/sp/vendor/laravel/framework/src/Illuminate/Foundation/Http/Middleware/CheckForMaintenanceMode.php(46): Illuminate\Routing\Pipeline->Illuminate\Routing\{closure}(Object(Illuminate\Http\Request))
#51 /Users/dimiantoni/dev/sp/vendor/laravel/framework/src/Illuminate/Pipeline/Pipeline.php(137): Illuminate\Foundation\Http\Middleware\CheckForMaintenanceMode->handle(Object(Illuminate\Http\Request), Object(Closure))
#52 /Users/dimiantoni/dev/sp/vendor/laravel/framework/src/Illuminate/Routing/Pipeline.php(33): Illuminate\Pipeline\Pipeline->Illuminate\Pipeline\{closure}(Object(Illuminate\Http\Request))
#53 /Users/dimiantoni/dev/sp/vendor/laravel/framework/src/Illuminate/Pipeline/Pipeline.php(104): Illuminate\Routing\Pipeline->Illuminate\Routing\{closure}(Object(Illuminate\Http\Request))
#54 /Users/dimiantoni/dev/sp/vendor/laravel/framework/src/Illuminate/Foundation/Http/Kernel.php(150): Illuminate\Pipeline\Pipeline->then(Object(Closure))
#55 /Users/dimiantoni/dev/sp/vendor/laravel/framework/src/Illuminate/Foundation/Http/Kernel.php(117): Illuminate\Foundation\Http\Kernel->sendRequestThroughRouter(Object(Illuminate\Http\Request))
#56 /Users/dimiantoni/dev/sp/public/index.php(54): Illuminate\Foundation\Http\Kernel->handle(Object(Illuminate\Http\Request))
#57 /Users/dimiantoni/dev/sp/server.php(21): require_once('/Users/dimianto...')
#58 {main}  
[2017-04-11 11:05:46] local.ERROR: exception 'Swift_TransportException' with message 'Expected response code 250 but got code "530", with message "530 5.7.1 Authentication required
"' in /Users/dimiantoni/dev/sp/vendor/swiftmailer/swiftmailer/lib/classes/Swift/Transport/AbstractSmtpTransport.php:383
Stack trace:
#0 /Users/dimiantoni/dev/sp/vendor/swiftmailer/swiftmailer/lib/classes/Swift/Transport/AbstractSmtpTransport.php(281): Swift_Transport_AbstractSmtpTransport->_assertResponseCode('530 5.7.1 Authe...', Array)
#1 /Users/dimiantoni/dev/sp/vendor/swiftmailer/swiftmailer/lib/classes/Swift/Transport/EsmtpTransport.php(270): Swift_Transport_AbstractSmtpTransport->executeCommand('MAIL FROM:<cont...', Array, Array)
#2 /Users/dimiantoni/dev/sp/vendor/swiftmailer/swiftmailer/lib/classes/Swift/Transport/EsmtpTransport.php(347): Swift_Transport_EsmtpTransport->executeCommand('MAIL FROM:<cont...', Array)
#3 /Users/dimiantoni/dev/sp/vendor/swiftmailer/swiftmailer/lib/classes/Swift/Transport/AbstractSmtpTransport.php(416): Swift_Transport_EsmtpTransport->_doMailFromCommand('contato@seupoli...')
#4 /Users/dimiantoni/dev/sp/vendor/swiftmailer/swiftmailer/lib/classes/Swift/Transport/AbstractSmtpTransport.php(444): Swift_Transport_AbstractSmtpTransport->_doMailTransaction(Object(Swift_Message), 'contato@seupoli...', Array, Array)
#5 /Users/dimiantoni/dev/sp/vendor/swiftmailer/swiftmailer/lib/classes/Swift/Transport/AbstractSmtpTransport.php(176): Swift_Transport_AbstractSmtpTransport->_sendTo(Object(Swift_Message), 'contato@seupoli...', Array, Array)
#6 /Users/dimiantoni/dev/sp/vendor/swiftmailer/swiftmailer/lib/classes/Swift/Mailer.php(85): Swift_Transport_AbstractSmtpTransport->send(Object(Swift_Message), Array)
#7 /Users/dimiantoni/dev/sp/vendor/laravel/framework/src/Illuminate/Mail/Mailer.php(395): Swift_Mailer->send(Object(Swift_Message), Array)
#8 /Users/dimiantoni/dev/sp/vendor/laravel/framework/src/Illuminate/Mail/Mailer.php(217): Illuminate\Mail\Mailer->sendSwiftMessage(Object(Swift_Message))
#9 /Users/dimiantoni/dev/sp/vendor/laravel/framework/src/Illuminate/Notifications/Channels/MailChannel.php(85): Illuminate\Mail\Mailer->send(Array, Array, Object(Closure))
#10 /Users/dimiantoni/dev/sp/vendor/laravel/framework/src/Illuminate/Notifications/ChannelManager.php(79): Illuminate\Notifications\Channels\MailChannel->send(Object(App\User), Object(Illuminate\Auth\Notifications\ResetPassword))
#11 /Users/dimiantoni/dev/sp/vendor/laravel/framework/src/Illuminate/Notifications/ChannelManager.php(43): Illuminate\Notifications\ChannelManager->sendNow(Object(Illuminate\Database\Eloquent\Collection), Object(Illuminate\Auth\Notifications\ResetPassword))
#12 /Users/dimiantoni/dev/sp/vendor/laravel/framework/src/Illuminate/Notifications/RoutesNotifications.php(18): Illuminate\Notifications\ChannelManager->send(Object(App\User), Object(Illuminate\Auth\Notifications\ResetPassword))
#13 /Users/dimiantoni/dev/sp/vendor/laravel/framework/src/Illuminate/Auth/Passwords/CanResetPassword.php(27): App\User->notify(Object(Illuminate\Auth\Notifications\ResetPassword))
#14 /Users/dimiantoni/dev/sp/vendor/laravel/framework/src/Illuminate/Auth/Passwords/PasswordBroker.php(71): Illuminate\Foundation\Auth\User->sendPasswordResetNotification('c91e1754112a054...')
#15 /Users/dimiantoni/dev/sp/vendor/laravel/framework/src/Illuminate/Foundation/Auth/SendsPasswordResetEmails.php(35): Illuminate\Auth\Passwords\PasswordBroker->sendResetLink(Array)
#16 [internal function]: App\Http\Controllers\Auth\ForgotPasswordController->sendResetLinkEmail(Object(Illuminate\Http\Request))
#17 /Users/dimiantoni/dev/sp/vendor/laravel/framework/src/Illuminate/Routing/Controller.php(55): call_user_func_array(Array, Array)
#18 /Users/dimiantoni/dev/sp/vendor/laravel/framework/src/Illuminate/Routing/ControllerDispatcher.php(44): Illuminate\Routing\Controller->callAction('sendResetLinkEm...', Array)
#19 /Users/dimiantoni/dev/sp/vendor/laravel/framework/src/Illuminate/Routing/Route.php(190): Illuminate\Routing\ControllerDispatcher->dispatch(Object(Illuminate\Routing\Route), Object(App\Http\Controllers\Auth\ForgotPasswordController), 'sendResetLinkEm...')
#20 /Users/dimiantoni/dev/sp/vendor/laravel/framework/src/Illuminate/Routing/Route.php(144): Illuminate\Routing\Route->runController()
#21 /Users/dimiantoni/dev/sp/vendor/laravel/framework/src/Illuminate/Routing/Router.php(653): Illuminate\Routing\Route->run(Object(Illuminate\Http\Request))
#22 /Users/dimiantoni/dev/sp/vendor/laravel/framework/src/Illuminate/Routing/Pipeline.php(53): Illuminate\Routing\Router->Illuminate\Routing\{closure}(Object(Illuminate\Http\Request))
#23 /Users/dimiantoni/dev/sp/app/Http/Middleware/RedirectIfAuthenticated.php(24): Illuminate\Routing\Pipeline->Illuminate\Routing\{closure}(Object(Illuminate\Http\Request))
#24 /Users/dimiantoni/dev/sp/vendor/laravel/framework/src/Illuminate/Pipeline/Pipeline.php(137): App\Http\Middleware\RedirectIfAuthenticated->handle(Object(Illuminate\Http\Request), Object(Closure))
#25 /Users/dimiantoni/dev/sp/vendor/laravel/framework/src/Illuminate/Routing/Pipeline.php(33): Illuminate\Pipeline\Pipeline->Illuminate\Pipeline\{closure}(Object(Illuminate\Http\Request))
#26 /Users/dimiantoni/dev/sp/vendor/laravel/framework/src/Illuminate/Routing/Middleware/SubstituteBindings.php(41): Illuminate\Routing\Pipeline->Illuminate\Routing\{closure}(Object(Illuminate\Http\Request))
#27 /Users/dimiantoni/dev/sp/vendor/laravel/framework/src/Illuminate/Pipeline/Pipeline.php(137): Illuminate\Routing\Middleware\SubstituteBindings->handle(Object(Illuminate\Http\Request), Object(Closure))
#28 /Users/dimiantoni/dev/sp/vendor/laravel/framework/src/Illuminate/Routing/Pipeline.php(33): Illuminate\Pipeline\Pipeline->Illuminate\Pipeline\{closure}(Object(Illuminate\Http\Request))
#29 /Users/dimiantoni/dev/sp/vendor/laravel/framework/src/Illuminate/Foundation/Http/Middleware/VerifyCsrfToken.php(65): Illuminate\Routing\Pipeline->Illuminate\Routing\{closure}(Object(Illuminate\Http\Request))
#30 /Users/dimiantoni/dev/sp/vendor/laravel/framework/src/Illuminate/Pipeline/Pipeline.php(137): Illuminate\Foundation\Http\Middleware\VerifyCsrfToken->handle(Object(Illuminate\Http\Request), Object(Closure))
#31 /Users/dimiantoni/dev/sp/vendor/laravel/framework/src/Illuminate/Routing/Pipeline.php(33): Illuminate\Pipeline\Pipeline->Illuminate\Pipeline\{closure}(Object(Illuminate\Http\Request))
#32 /Users/dimiantoni/dev/sp/vendor/laravel/framework/src/Illuminate/View/Middleware/ShareErrorsFromSession.php(49): Illuminate\Routing\Pipeline->Illuminate\Routing\{closure}(Object(Illuminate\Http\Request))
#33 /Users/dimiantoni/dev/sp/vendor/laravel/framework/src/Illuminate/Pipeline/Pipeline.php(137): Illuminate\View\Middleware\ShareErrorsFromSession->handle(Object(Illuminate\Http\Request), Object(Closure))
#34 /Users/dimiantoni/dev/sp/vendor/laravel/framework/src/Illuminate/Routing/Pipeline.php(33): Illuminate\Pipeline\Pipeline->Illuminate\Pipeline\{closure}(Object(Illuminate\Http\Request))
#35 /Users/dimiantoni/dev/sp/vendor/laravel/framework/src/Illuminate/Session/Middleware/StartSession.php(64): Illuminate\Routing\Pipeline->Illuminate\Routing\{closure}(Object(Illuminate\Http\Request))
#36 /Users/dimiantoni/dev/sp/vendor/laravel/framework/src/Illuminate/Pipeline/Pipeline.php(137): Illuminate\Session\Middleware\StartSession->handle(Object(Illuminate\Http\Request), Object(Closure))
#37 /Users/dimiantoni/dev/sp/vendor/laravel/framework/src/Illuminate/Routing/Pipeline.php(33): Illuminate\Pipeline\Pipeline->Illuminate\Pipeline\{closure}(Object(Illuminate\Http\Request))
#38 /Users/dimiantoni/dev/sp/vendor/laravel/framework/src/Illuminate/Cookie/Middleware/AddQueuedCookiesToResponse.php(37): Illuminate\Routing\Pipeline->Illuminate\Routing\{closure}(Object(Illuminate\Http\Request))
#39 /Users/dimiantoni/dev/sp/vendor/laravel/framework/src/Illuminate/Pipeline/Pipeline.php(137): Illuminate\Cookie\Middleware\AddQueuedCookiesToResponse->handle(Object(Illuminate\Http\Request), Object(Closure))
#40 /Users/dimiantoni/dev/sp/vendor/laravel/framework/src/Illuminate/Routing/Pipeline.php(33): Illuminate\Pipeline\Pipeline->Illuminate\Pipeline\{closure}(Object(Illuminate\Http\Request))
#41 /Users/dimiantoni/dev/sp/vendor/laravel/framework/src/Illuminate/Cookie/Middleware/EncryptCookies.php(59): Illuminate\Routing\Pipeline->Illuminate\Routing\{closure}(Object(Illuminate\Http\Request))
#42 /Users/dimiantoni/dev/sp/vendor/laravel/framework/src/Illuminate/Pipeline/Pipeline.php(137): Illuminate\Cookie\Middleware\EncryptCookies->handle(Object(Illuminate\Http\Request), Object(Closure))
#43 /Users/dimiantoni/dev/sp/vendor/laravel/framework/src/Illuminate/Routing/Pipeline.php(33): Illuminate\Pipeline\Pipeline->Illuminate\Pipeline\{closure}(Object(Illuminate\Http\Request))
#44 /Users/dimiantoni/dev/sp/vendor/laravel/framework/src/Illuminate/Pipeline/Pipeline.php(104): Illuminate\Routing\Pipeline->Illuminate\Routing\{closure}(Object(Illuminate\Http\Request))
#45 /Users/dimiantoni/dev/sp/vendor/laravel/framework/src/Illuminate/Routing/Router.php(655): Illuminate\Pipeline\Pipeline->then(Object(Closure))
#46 /Users/dimiantoni/dev/sp/vendor/laravel/framework/src/Illuminate/Routing/Router.php(629): Illuminate\Routing\Router->runRouteWithinStack(Object(Illuminate\Routing\Route), Object(Illuminate\Http\Request))
#47 /Users/dimiantoni/dev/sp/vendor/laravel/framework/src/Illuminate/Routing/Router.php(607): Illuminate\Routing\Router->dispatchToRoute(Object(Illuminate\Http\Request))
#48 /Users/dimiantoni/dev/sp/vendor/laravel/framework/src/Illuminate/Foundation/Http/Kernel.php(268): Illuminate\Routing\Router->dispatch(Object(Illuminate\Http\Request))
#49 /Users/dimiantoni/dev/sp/vendor/laravel/framework/src/Illuminate/Routing/Pipeline.php(53): Illuminate\Foundation\Http\Kernel->Illuminate\Foundation\Http\{closure}(Object(Illuminate\Http\Request))
#50 /Users/dimiantoni/dev/sp/vendor/laravel/framework/src/Illuminate/Foundation/Http/Middleware/CheckForMaintenanceMode.php(46): Illuminate\Routing\Pipeline->Illuminate\Routing\{closure}(Object(Illuminate\Http\Request))
#51 /Users/dimiantoni/dev/sp/vendor/laravel/framework/src/Illuminate/Pipeline/Pipeline.php(137): Illuminate\Foundation\Http\Middleware\CheckForMaintenanceMode->handle(Object(Illuminate\Http\Request), Object(Closure))
#52 /Users/dimiantoni/dev/sp/vendor/laravel/framework/src/Illuminate/Routing/Pipeline.php(33): Illuminate\Pipeline\Pipeline->Illuminate\Pipeline\{closure}(Object(Illuminate\Http\Request))
#53 /Users/dimiantoni/dev/sp/vendor/laravel/framework/src/Illuminate/Pipeline/Pipeline.php(104): Illuminate\Routing\Pipeline->Illuminate\Routing\{closure}(Object(Illuminate\Http\Request))
#54 /Users/dimiantoni/dev/sp/vendor/laravel/framework/src/Illuminate/Foundation/Http/Kernel.php(150): Illuminate\Pipeline\Pipeline->then(Object(Closure))
#55 /Users/dimiantoni/dev/sp/vendor/laravel/framework/src/Illuminate/Foundation/Http/Kernel.php(117): Illuminate\Foundation\Http\Kernel->sendRequestThroughRouter(Object(Illuminate\Http\Request))
#56 /Users/dimiantoni/dev/sp/public/index.php(54): Illuminate\Foundation\Http\Kernel->handle(Object(Illuminate\Http\Request))
#57 /Users/dimiantoni/dev/sp/server.php(21): require_once('/Users/dimianto...')
#58 {main}  
[2017-04-11 11:10:03] local.ERROR: exception 'Swift_TransportException' with message 'Expected response code 250 but got code "530", with message "530 5.7.1 Authentication required
"' in /Users/dimiantoni/dev/sp/vendor/swiftmailer/swiftmailer/lib/classes/Swift/Transport/AbstractSmtpTransport.php:383
Stack trace:
#0 /Users/dimiantoni/dev/sp/vendor/swiftmailer/swiftmailer/lib/classes/Swift/Transport/AbstractSmtpTransport.php(281): Swift_Transport_AbstractSmtpTransport->_assertResponseCode('530 5.7.1 Authe...', Array)
#1 /Users/dimiantoni/dev/sp/vendor/swiftmailer/swiftmailer/lib/classes/Swift/Transport/EsmtpTransport.php(270): Swift_Transport_AbstractSmtpTransport->executeCommand('MAIL FROM:<cont...', Array, Array)
#2 /Users/dimiantoni/dev/sp/vendor/swiftmailer/swiftmailer/lib/classes/Swift/Transport/EsmtpTransport.php(347): Swift_Transport_EsmtpTransport->executeCommand('MAIL FROM:<cont...', Array)
#3 /Users/dimiantoni/dev/sp/vendor/swiftmailer/swiftmailer/lib/classes/Swift/Transport/AbstractSmtpTransport.php(416): Swift_Transport_EsmtpTransport->_doMailFromCommand('contato@seupoli...')
#4 /Users/dimiantoni/dev/sp/vendor/swiftmailer/swiftmailer/lib/classes/Swift/Transport/AbstractSmtpTransport.php(444): Swift_Transport_AbstractSmtpTransport->_doMailTransaction(Object(Swift_Message), 'contato@seupoli...', Array, Array)
#5 /Users/dimiantoni/dev/sp/vendor/swiftmailer/swiftmailer/lib/classes/Swift/Transport/AbstractSmtpTransport.php(176): Swift_Transport_AbstractSmtpTransport->_sendTo(Object(Swift_Message), 'contato@seupoli...', Array, Array)
#6 /Users/dimiantoni/dev/sp/vendor/swiftmailer/swiftmailer/lib/classes/Swift/Mailer.php(85): Swift_Transport_AbstractSmtpTransport->send(Object(Swift_Message), Array)
#7 /Users/dimiantoni/dev/sp/vendor/laravel/framework/src/Illuminate/Mail/Mailer.php(395): Swift_Mailer->send(Object(Swift_Message), Array)
#8 /Users/dimiantoni/dev/sp/vendor/laravel/framework/src/Illuminate/Mail/Mailer.php(217): Illuminate\Mail\Mailer->sendSwiftMessage(Object(Swift_Message))
#9 /Users/dimiantoni/dev/sp/vendor/laravel/framework/src/Illuminate/Notifications/Channels/MailChannel.php(85): Illuminate\Mail\Mailer->send(Array, Array, Object(Closure))
#10 /Users/dimiantoni/dev/sp/vendor/laravel/framework/src/Illuminate/Notifications/ChannelManager.php(79): Illuminate\Notifications\Channels\MailChannel->send(Object(App\User), Object(Illuminate\Auth\Notifications\ResetPassword))
#11 /Users/dimiantoni/dev/sp/vendor/laravel/framework/src/Illuminate/Notifications/ChannelManager.php(43): Illuminate\Notifications\ChannelManager->sendNow(Object(Illuminate\Database\Eloquent\Collection), Object(Illuminate\Auth\Notifications\ResetPassword))
#12 /Users/dimiantoni/dev/sp/vendor/laravel/framework/src/Illuminate/Notifications/RoutesNotifications.php(18): Illuminate\Notifications\ChannelManager->send(Object(App\User), Object(Illuminate\Auth\Notifications\ResetPassword))
#13 /Users/dimiantoni/dev/sp/vendor/laravel/framework/src/Illuminate/Auth/Passwords/CanResetPassword.php(27): App\User->notify(Object(Illuminate\Auth\Notifications\ResetPassword))
#14 /Users/dimiantoni/dev/sp/vendor/laravel/framework/src/Illuminate/Auth/Passwords/PasswordBroker.php(71): Illuminate\Foundation\Auth\User->sendPasswordResetNotification('7a0fd5485014a2c...')
#15 /Users/dimiantoni/dev/sp/vendor/laravel/framework/src/Illuminate/Foundation/Auth/SendsPasswordResetEmails.php(35): Illuminate\Auth\Passwords\PasswordBroker->sendResetLink(Array)
#16 [internal function]: App\Http\Controllers\Auth\ForgotPasswordController->sendResetLinkEmail(Object(Illuminate\Http\Request))
#17 /Users/dimiantoni/dev/sp/vendor/laravel/framework/src/Illuminate/Routing/Controller.php(55): call_user_func_array(Array, Array)
#18 /Users/dimiantoni/dev/sp/vendor/laravel/framework/src/Illuminate/Routing/ControllerDispatcher.php(44): Illuminate\Routing\Controller->callAction('sendResetLinkEm...', Array)
#19 /Users/dimiantoni/dev/sp/vendor/laravel/framework/src/Illuminate/Routing/Route.php(190): Illuminate\Routing\ControllerDispatcher->dispatch(Object(Illuminate\Routing\Route), Object(App\Http\Controllers\Auth\ForgotPasswordController), 'sendResetLinkEm...')
#20 /Users/dimiantoni/dev/sp/vendor/laravel/framework/src/Illuminate/Routing/Route.php(144): Illuminate\Routing\Route->runController()
#21 /Users/dimiantoni/dev/sp/vendor/laravel/framework/src/Illuminate/Routing/Router.php(653): Illuminate\Routing\Route->run(Object(Illuminate\Http\Request))
#22 /Users/dimiantoni/dev/sp/vendor/laravel/framework/src/Illuminate/Routing/Pipeline.php(53): Illuminate\Routing\Router->Illuminate\Routing\{closure}(Object(Illuminate\Http\Request))
#23 /Users/dimiantoni/dev/sp/app/Http/Middleware/RedirectIfAuthenticated.php(24): Illuminate\Routing\Pipeline->Illuminate\Routing\{closure}(Object(Illuminate\Http\Request))
#24 /Users/dimiantoni/dev/sp/vendor/laravel/framework/src/Illuminate/Pipeline/Pipeline.php(137): App\Http\Middleware\RedirectIfAuthenticated->handle(Object(Illuminate\Http\Request), Object(Closure))
#25 /Users/dimiantoni/dev/sp/vendor/laravel/framework/src/Illuminate/Routing/Pipeline.php(33): Illuminate\Pipeline\Pipeline->Illuminate\Pipeline\{closure}(Object(Illuminate\Http\Request))
#26 /Users/dimiantoni/dev/sp/vendor/laravel/framework/src/Illuminate/Routing/Middleware/SubstituteBindings.php(41): Illuminate\Routing\Pipeline->Illuminate\Routing\{closure}(Object(Illuminate\Http\Request))
#27 /Users/dimiantoni/dev/sp/vendor/laravel/framework/src/Illuminate/Pipeline/Pipeline.php(137): Illuminate\Routing\Middleware\SubstituteBindings->handle(Object(Illuminate\Http\Request), Object(Closure))
#28 /Users/dimiantoni/dev/sp/vendor/laravel/framework/src/Illuminate/Routing/Pipeline.php(33): Illuminate\Pipeline\Pipeline->Illuminate\Pipeline\{closure}(Object(Illuminate\Http\Request))
#29 /Users/dimiantoni/dev/sp/vendor/laravel/framework/src/Illuminate/Foundation/Http/Middleware/VerifyCsrfToken.php(65): Illuminate\Routing\Pipeline->Illuminate\Routing\{closure}(Object(Illuminate\Http\Request))
#30 /Users/dimiantoni/dev/sp/vendor/laravel/framework/src/Illuminate/Pipeline/Pipeline.php(137): Illuminate\Foundation\Http\Middleware\VerifyCsrfToken->handle(Object(Illuminate\Http\Request), Object(Closure))
#31 /Users/dimiantoni/dev/sp/vendor/laravel/framework/src/Illuminate/Routing/Pipeline.php(33): Illuminate\Pipeline\Pipeline->Illuminate\Pipeline\{closure}(Object(Illuminate\Http\Request))
#32 /Users/dimiantoni/dev/sp/vendor/laravel/framework/src/Illuminate/View/Middleware/ShareErrorsFromSession.php(49): Illuminate\Routing\Pipeline->Illuminate\Routing\{closure}(Object(Illuminate\Http\Request))
#33 /Users/dimiantoni/dev/sp/vendor/laravel/framework/src/Illuminate/Pipeline/Pipeline.php(137): Illuminate\View\Middleware\ShareErrorsFromSession->handle(Object(Illuminate\Http\Request), Object(Closure))
#34 /Users/dimiantoni/dev/sp/vendor/laravel/framework/src/Illuminate/Routing/Pipeline.php(33): Illuminate\Pipeline\Pipeline->Illuminate\Pipeline\{closure}(Object(Illuminate\Http\Request))
#35 /Users/dimiantoni/dev/sp/vendor/laravel/framework/src/Illuminate/Session/Middleware/StartSession.php(64): Illuminate\Routing\Pipeline->Illuminate\Routing\{closure}(Object(Illuminate\Http\Request))
#36 /Users/dimiantoni/dev/sp/vendor/laravel/framework/src/Illuminate/Pipeline/Pipeline.php(137): Illuminate\Session\Middleware\StartSession->handle(Object(Illuminate\Http\Request), Object(Closure))
#37 /Users/dimiantoni/dev/sp/vendor/laravel/framework/src/Illuminate/Routing/Pipeline.php(33): Illuminate\Pipeline\Pipeline->Illuminate\Pipeline\{closure}(Object(Illuminate\Http\Request))
#38 /Users/dimiantoni/dev/sp/vendor/laravel/framework/src/Illuminate/Cookie/Middleware/AddQueuedCookiesToResponse.php(37): Illuminate\Routing\Pipeline->Illuminate\Routing\{closure}(Object(Illuminate\Http\Request))
#39 /Users/dimiantoni/dev/sp/vendor/laravel/framework/src/Illuminate/Pipeline/Pipeline.php(137): Illuminate\Cookie\Middleware\AddQueuedCookiesToResponse->handle(Object(Illuminate\Http\Request), Object(Closure))
#40 /Users/dimiantoni/dev/sp/vendor/laravel/framework/src/Illuminate/Routing/Pipeline.php(33): Illuminate\Pipeline\Pipeline->Illuminate\Pipeline\{closure}(Object(Illuminate\Http\Request))
#41 /Users/dimiantoni/dev/sp/vendor/laravel/framework/src/Illuminate/Cookie/Middleware/EncryptCookies.php(59): Illuminate\Routing\Pipeline->Illuminate\Routing\{closure}(Object(Illuminate\Http\Request))
#42 /Users/dimiantoni/dev/sp/vendor/laravel/framework/src/Illuminate/Pipeline/Pipeline.php(137): Illuminate\Cookie\Middleware\EncryptCookies->handle(Object(Illuminate\Http\Request), Object(Closure))
#43 /Users/dimiantoni/dev/sp/vendor/laravel/framework/src/Illuminate/Routing/Pipeline.php(33): Illuminate\Pipeline\Pipeline->Illuminate\Pipeline\{closure}(Object(Illuminate\Http\Request))
#44 /Users/dimiantoni/dev/sp/vendor/laravel/framework/src/Illuminate/Pipeline/Pipeline.php(104): Illuminate\Routing\Pipeline->Illuminate\Routing\{closure}(Object(Illuminate\Http\Request))
#45 /Users/dimiantoni/dev/sp/vendor/laravel/framework/src/Illuminate/Routing/Router.php(655): Illuminate\Pipeline\Pipeline->then(Object(Closure))
#46 /Users/dimiantoni/dev/sp/vendor/laravel/framework/src/Illuminate/Routing/Router.php(629): Illuminate\Routing\Router->runRouteWithinStack(Object(Illuminate\Routing\Route), Object(Illuminate\Http\Request))
#47 /Users/dimiantoni/dev/sp/vendor/laravel/framework/src/Illuminate/Routing/Router.php(607): Illuminate\Routing\Router->dispatchToRoute(Object(Illuminate\Http\Request))
#48 /Users/dimiantoni/dev/sp/vendor/laravel/framework/src/Illuminate/Foundation/Http/Kernel.php(268): Illuminate\Routing\Router->dispatch(Object(Illuminate\Http\Request))
#49 /Users/dimiantoni/dev/sp/vendor/laravel/framework/src/Illuminate/Routing/Pipeline.php(53): Illuminate\Foundation\Http\Kernel->Illuminate\Foundation\Http\{closure}(Object(Illuminate\Http\Request))
#50 /Users/dimiantoni/dev/sp/vendor/laravel/framework/src/Illuminate/Foundation/Http/Middleware/CheckForMaintenanceMode.php(46): Illuminate\Routing\Pipeline->Illuminate\Routing\{closure}(Object(Illuminate\Http\Request))
#51 /Users/dimiantoni/dev/sp/vendor/laravel/framework/src/Illuminate/Pipeline/Pipeline.php(137): Illuminate\Foundation\Http\Middleware\CheckForMaintenanceMode->handle(Object(Illuminate\Http\Request), Object(Closure))
#52 /Users/dimiantoni/dev/sp/vendor/laravel/framework/src/Illuminate/Routing/Pipeline.php(33): Illuminate\Pipeline\Pipeline->Illuminate\Pipeline\{closure}(Object(Illuminate\Http\Request))
#53 /Users/dimiantoni/dev/sp/vendor/laravel/framework/src/Illuminate/Pipeline/Pipeline.php(104): Illuminate\Routing\Pipeline->Illuminate\Routing\{closure}(Object(Illuminate\Http\Request))
#54 /Users/dimiantoni/dev/sp/vendor/laravel/framework/src/Illuminate/Foundation/Http/Kernel.php(150): Illuminate\Pipeline\Pipeline->then(Object(Closure))
#55 /Users/dimiantoni/dev/sp/vendor/laravel/framework/src/Illuminate/Foundation/Http/Kernel.php(117): Illuminate\Foundation\Http\Kernel->sendRequestThroughRouter(Object(Illuminate\Http\Request))
#56 /Users/dimiantoni/dev/sp/public/index.php(54): Illuminate\Foundation\Http\Kernel->handle(Object(Illuminate\Http\Request))
#57 /Users/dimiantoni/dev/sp/server.php(21): require_once('/Users/dimianto...')
#58 {main}  
[2017-04-11 11:14:32] local.ERROR: exception 'Swift_TransportException' with message 'Expected response code 250 but got code "530", with message "530 5.7.1 Authentication required
"' in /Users/dimiantoni/dev/sp/vendor/swiftmailer/swiftmailer/lib/classes/Swift/Transport/AbstractSmtpTransport.php:383
Stack trace:
#0 /Users/dimiantoni/dev/sp/vendor/swiftmailer/swiftmailer/lib/classes/Swift/Transport/AbstractSmtpTransport.php(281): Swift_Transport_AbstractSmtpTransport->_assertResponseCode('530 5.7.1 Authe...', Array)
#1 /Users/dimiantoni/dev/sp/vendor/swiftmailer/swiftmailer/lib/classes/Swift/Transport/EsmtpTransport.php(270): Swift_Transport_AbstractSmtpTransport->executeCommand('MAIL FROM:<cont...', Array, Array)
#2 /Users/dimiantoni/dev/sp/vendor/swiftmailer/swiftmailer/lib/classes/Swift/Transport/EsmtpTransport.php(347): Swift_Transport_EsmtpTransport->executeCommand('MAIL FROM:<cont...', Array)
#3 /Users/dimiantoni/dev/sp/vendor/swiftmailer/swiftmailer/lib/classes/Swift/Transport/AbstractSmtpTransport.php(416): Swift_Transport_EsmtpTransport->_doMailFromCommand('contato@seupoli...')
#4 /Users/dimiantoni/dev/sp/vendor/swiftmailer/swiftmailer/lib/classes/Swift/Transport/AbstractSmtpTransport.php(444): Swift_Transport_AbstractSmtpTransport->_doMailTransaction(Object(Swift_Message), 'contato@seupoli...', Array, Array)
#5 /Users/dimiantoni/dev/sp/vendor/swiftmailer/swiftmailer/lib/classes/Swift/Transport/AbstractSmtpTransport.php(176): Swift_Transport_AbstractSmtpTransport->_sendTo(Object(Swift_Message), 'contato@seupoli...', Array, Array)
#6 /Users/dimiantoni/dev/sp/vendor/swiftmailer/swiftmailer/lib/classes/Swift/Mailer.php(85): Swift_Transport_AbstractSmtpTransport->send(Object(Swift_Message), Array)
#7 /Users/dimiantoni/dev/sp/vendor/laravel/framework/src/Illuminate/Mail/Mailer.php(395): Swift_Mailer->send(Object(Swift_Message), Array)
#8 /Users/dimiantoni/dev/sp/vendor/laravel/framework/src/Illuminate/Mail/Mailer.php(217): Illuminate\Mail\Mailer->sendSwiftMessage(Object(Swift_Message))
#9 /Users/dimiantoni/dev/sp/vendor/laravel/framework/src/Illuminate/Notifications/Channels/MailChannel.php(85): Illuminate\Mail\Mailer->send(Array, Array, Object(Closure))
#10 /Users/dimiantoni/dev/sp/vendor/laravel/framework/src/Illuminate/Notifications/ChannelManager.php(79): Illuminate\Notifications\Channels\MailChannel->send(Object(App\User), Object(Illuminate\Auth\Notifications\ResetPassword))
#11 /Users/dimiantoni/dev/sp/vendor/laravel/framework/src/Illuminate/Notifications/ChannelManager.php(43): Illuminate\Notifications\ChannelManager->sendNow(Object(Illuminate\Database\Eloquent\Collection), Object(Illuminate\Auth\Notifications\ResetPassword))
#12 /Users/dimiantoni/dev/sp/vendor/laravel/framework/src/Illuminate/Notifications/RoutesNotifications.php(18): Illuminate\Notifications\ChannelManager->send(Object(App\User), Object(Illuminate\Auth\Notifications\ResetPassword))
#13 /Users/dimiantoni/dev/sp/vendor/laravel/framework/src/Illuminate/Auth/Passwords/CanResetPassword.php(27): App\User->notify(Object(Illuminate\Auth\Notifications\ResetPassword))
#14 /Users/dimiantoni/dev/sp/vendor/laravel/framework/src/Illuminate/Auth/Passwords/PasswordBroker.php(71): Illuminate\Foundation\Auth\User->sendPasswordResetNotification('a15e009a0035beb...')
#15 /Users/dimiantoni/dev/sp/vendor/laravel/framework/src/Illuminate/Foundation/Auth/SendsPasswordResetEmails.php(35): Illuminate\Auth\Passwords\PasswordBroker->sendResetLink(Array)
#16 [internal function]: App\Http\Controllers\Auth\ForgotPasswordController->sendResetLinkEmail(Object(Illuminate\Http\Request))
#17 /Users/dimiantoni/dev/sp/vendor/laravel/framework/src/Illuminate/Routing/Controller.php(55): call_user_func_array(Array, Array)
#18 /Users/dimiantoni/dev/sp/vendor/laravel/framework/src/Illuminate/Routing/ControllerDispatcher.php(44): Illuminate\Routing\Controller->callAction('sendResetLinkEm...', Array)
#19 /Users/dimiantoni/dev/sp/vendor/laravel/framework/src/Illuminate/Routing/Route.php(190): Illuminate\Routing\ControllerDispatcher->dispatch(Object(Illuminate\Routing\Route), Object(App\Http\Controllers\Auth\ForgotPasswordController), 'sendResetLinkEm...')
#20 /Users/dimiantoni/dev/sp/vendor/laravel/framework/src/Illuminate/Routing/Route.php(144): Illuminate\Routing\Route->runController()
#21 /Users/dimiantoni/dev/sp/vendor/laravel/framework/src/Illuminate/Routing/Router.php(653): Illuminate\Routing\Route->run(Object(Illuminate\Http\Request))
#22 /Users/dimiantoni/dev/sp/vendor/laravel/framework/src/Illuminate/Routing/Pipeline.php(53): Illuminate\Routing\Router->Illuminate\Routing\{closure}(Object(Illuminate\Http\Request))
#23 /Users/dimiantoni/dev/sp/app/Http/Middleware/RedirectIfAuthenticated.php(24): Illuminate\Routing\Pipeline->Illuminate\Routing\{closure}(Object(Illuminate\Http\Request))
#24 /Users/dimiantoni/dev/sp/vendor/laravel/framework/src/Illuminate/Pipeline/Pipeline.php(137): App\Http\Middleware\RedirectIfAuthenticated->handle(Object(Illuminate\Http\Request), Object(Closure))
#25 /Users/dimiantoni/dev/sp/vendor/laravel/framework/src/Illuminate/Routing/Pipeline.php(33): Illuminate\Pipeline\Pipeline->Illuminate\Pipeline\{closure}(Object(Illuminate\Http\Request))
#26 /Users/dimiantoni/dev/sp/vendor/laravel/framework/src/Illuminate/Routing/Middleware/SubstituteBindings.php(41): Illuminate\Routing\Pipeline->Illuminate\Routing\{closure}(Object(Illuminate\Http\Request))
#27 /Users/dimiantoni/dev/sp/vendor/laravel/framework/src/Illuminate/Pipeline/Pipeline.php(137): Illuminate\Routing\Middleware\SubstituteBindings->handle(Object(Illuminate\Http\Request), Object(Closure))
#28 /Users/dimiantoni/dev/sp/vendor/laravel/framework/src/Illuminate/Routing/Pipeline.php(33): Illuminate\Pipeline\Pipeline->Illuminate\Pipeline\{closure}(Object(Illuminate\Http\Request))
#29 /Users/dimiantoni/dev/sp/vendor/laravel/framework/src/Illuminate/Foundation/Http/Middleware/VerifyCsrfToken.php(65): Illuminate\Routing\Pipeline->Illuminate\Routing\{closure}(Object(Illuminate\Http\Request))
#30 /Users/dimiantoni/dev/sp/vendor/laravel/framework/src/Illuminate/Pipeline/Pipeline.php(137): Illuminate\Foundation\Http\Middleware\VerifyCsrfToken->handle(Object(Illuminate\Http\Request), Object(Closure))
#31 /Users/dimiantoni/dev/sp/vendor/laravel/framework/src/Illuminate/Routing/Pipeline.php(33): Illuminate\Pipeline\Pipeline->Illuminate\Pipeline\{closure}(Object(Illuminate\Http\Request))
#32 /Users/dimiantoni/dev/sp/vendor/laravel/framework/src/Illuminate/View/Middleware/ShareErrorsFromSession.php(49): Illuminate\Routing\Pipeline->Illuminate\Routing\{closure}(Object(Illuminate\Http\Request))
#33 /Users/dimiantoni/dev/sp/vendor/laravel/framework/src/Illuminate/Pipeline/Pipeline.php(137): Illuminate\View\Middleware\ShareErrorsFromSession->handle(Object(Illuminate\Http\Request), Object(Closure))
#34 /Users/dimiantoni/dev/sp/vendor/laravel/framework/src/Illuminate/Routing/Pipeline.php(33): Illuminate\Pipeline\Pipeline->Illuminate\Pipeline\{closure}(Object(Illuminate\Http\Request))
#35 /Users/dimiantoni/dev/sp/vendor/laravel/framework/src/Illuminate/Session/Middleware/StartSession.php(64): Illuminate\Routing\Pipeline->Illuminate\Routing\{closure}(Object(Illuminate\Http\Request))
#36 /Users/dimiantoni/dev/sp/vendor/laravel/framework/src/Illuminate/Pipeline/Pipeline.php(137): Illuminate\Session\Middleware\StartSession->handle(Object(Illuminate\Http\Request), Object(Closure))
#37 /Users/dimiantoni/dev/sp/vendor/laravel/framework/src/Illuminate/Routing/Pipeline.php(33): Illuminate\Pipeline\Pipeline->Illuminate\Pipeline\{closure}(Object(Illuminate\Http\Request))
#38 /Users/dimiantoni/dev/sp/vendor/laravel/framework/src/Illuminate/Cookie/Middleware/AddQueuedCookiesToResponse.php(37): Illuminate\Routing\Pipeline->Illuminate\Routing\{closure}(Object(Illuminate\Http\Request))
#39 /Users/dimiantoni/dev/sp/vendor/laravel/framework/src/Illuminate/Pipeline/Pipeline.php(137): Illuminate\Cookie\Middleware\AddQueuedCookiesToResponse->handle(Object(Illuminate\Http\Request), Object(Closure))
#40 /Users/dimiantoni/dev/sp/vendor/laravel/framework/src/Illuminate/Routing/Pipeline.php(33): Illuminate\Pipeline\Pipeline->Illuminate\Pipeline\{closure}(Object(Illuminate\Http\Request))
#41 /Users/dimiantoni/dev/sp/vendor/laravel/framework/src/Illuminate/Cookie/Middleware/EncryptCookies.php(59): Illuminate\Routing\Pipeline->Illuminate\Routing\{closure}(Object(Illuminate\Http\Request))
#42 /Users/dimiantoni/dev/sp/vendor/laravel/framework/src/Illuminate/Pipeline/Pipeline.php(137): Illuminate\Cookie\Middleware\EncryptCookies->handle(Object(Illuminate\Http\Request), Object(Closure))
#43 /Users/dimiantoni/dev/sp/vendor/laravel/framework/src/Illuminate/Routing/Pipeline.php(33): Illuminate\Pipeline\Pipeline->Illuminate\Pipeline\{closure}(Object(Illuminate\Http\Request))
#44 /Users/dimiantoni/dev/sp/vendor/laravel/framework/src/Illuminate/Pipeline/Pipeline.php(104): Illuminate\Routing\Pipeline->Illuminate\Routing\{closure}(Object(Illuminate\Http\Request))
#45 /Users/dimiantoni/dev/sp/vendor/laravel/framework/src/Illuminate/Routing/Router.php(655): Illuminate\Pipeline\Pipeline->then(Object(Closure))
#46 /Users/dimiantoni/dev/sp/vendor/laravel/framework/src/Illuminate/Routing/Router.php(629): Illuminate\Routing\Router->runRouteWithinStack(Object(Illuminate\Routing\Route), Object(Illuminate\Http\Request))
#47 /Users/dimiantoni/dev/sp/vendor/laravel/framework/src/Illuminate/Routing/Router.php(607): Illuminate\Routing\Router->dispatchToRoute(Object(Illuminate\Http\Request))
#48 /Users/dimiantoni/dev/sp/vendor/laravel/framework/src/Illuminate/Foundation/Http/Kernel.php(268): Illuminate\Routing\Router->dispatch(Object(Illuminate\Http\Request))
#49 /Users/dimiantoni/dev/sp/vendor/laravel/framework/src/Illuminate/Routing/Pipeline.php(53): Illuminate\Foundation\Http\Kernel->Illuminate\Foundation\Http\{closure}(Object(Illuminate\Http\Request))
#50 /Users/dimiantoni/dev/sp/vendor/laravel/framework/src/Illuminate/Foundation/Http/Middleware/CheckForMaintenanceMode.php(46): Illuminate\Routing\Pipeline->Illuminate\Routing\{closure}(Object(Illuminate\Http\Request))
#51 /Users/dimiantoni/dev/sp/vendor/laravel/framework/src/Illuminate/Pipeline/Pipeline.php(137): Illuminate\Foundation\Http\Middleware\CheckForMaintenanceMode->handle(Object(Illuminate\Http\Request), Object(Closure))
#52 /Users/dimiantoni/dev/sp/vendor/laravel/framework/src/Illuminate/Routing/Pipeline.php(33): Illuminate\Pipeline\Pipeline->Illuminate\Pipeline\{closure}(Object(Illuminate\Http\Request))
#53 /Users/dimiantoni/dev/sp/vendor/laravel/framework/src/Illuminate/Pipeline/Pipeline.php(104): Illuminate\Routing\Pipeline->Illuminate\Routing\{closure}(Object(Illuminate\Http\Request))
#54 /Users/dimiantoni/dev/sp/vendor/laravel/framework/src/Illuminate/Foundation/Http/Kernel.php(150): Illuminate\Pipeline\Pipeline->then(Object(Closure))
#55 /Users/dimiantoni/dev/sp/vendor/laravel/framework/src/Illuminate/Foundation/Http/Kernel.php(117): Illuminate\Foundation\Http\Kernel->sendRequestThroughRouter(Object(Illuminate\Http\Request))
#56 /Users/dimiantoni/dev/sp/public/index.php(54): Illuminate\Foundation\Http\Kernel->handle(Object(Illuminate\Http\Request))
#57 /Users/dimiantoni/dev/sp/server.php(21): require_once('/Users/dimianto...')
#58 {main}  
[2017-04-11 11:16:24] local.ERROR: exception 'Swift_TransportException' with message 'Expected response code 250 but got code "530", with message "530 5.7.1 Authentication required
"' in /Users/dimiantoni/dev/sp/vendor/swiftmailer/swiftmailer/lib/classes/Swift/Transport/AbstractSmtpTransport.php:383
Stack trace:
#0 /Users/dimiantoni/dev/sp/vendor/swiftmailer/swiftmailer/lib/classes/Swift/Transport/AbstractSmtpTransport.php(281): Swift_Transport_AbstractSmtpTransport->_assertResponseCode('530 5.7.1 Authe...', Array)
#1 /Users/dimiantoni/dev/sp/vendor/swiftmailer/swiftmailer/lib/classes/Swift/Transport/EsmtpTransport.php(270): Swift_Transport_AbstractSmtpTransport->executeCommand('MAIL FROM:<cont...', Array, Array)
#2 /Users/dimiantoni/dev/sp/vendor/swiftmailer/swiftmailer/lib/classes/Swift/Transport/EsmtpTransport.php(347): Swift_Transport_EsmtpTransport->executeCommand('MAIL FROM:<cont...', Array)
#3 /Users/dimiantoni/dev/sp/vendor/swiftmailer/swiftmailer/lib/classes/Swift/Transport/AbstractSmtpTransport.php(416): Swift_Transport_EsmtpTransport->_doMailFromCommand('contato@seupoli...')
#4 /Users/dimiantoni/dev/sp/vendor/swiftmailer/swiftmailer/lib/classes/Swift/Transport/AbstractSmtpTransport.php(444): Swift_Transport_AbstractSmtpTransport->_doMailTransaction(Object(Swift_Message), 'contato@seupoli...', Array, Array)
#5 /Users/dimiantoni/dev/sp/vendor/swiftmailer/swiftmailer/lib/classes/Swift/Transport/AbstractSmtpTransport.php(176): Swift_Transport_AbstractSmtpTransport->_sendTo(Object(Swift_Message), 'contato@seupoli...', Array, Array)
#6 /Users/dimiantoni/dev/sp/vendor/swiftmailer/swiftmailer/lib/classes/Swift/Mailer.php(85): Swift_Transport_AbstractSmtpTransport->send(Object(Swift_Message), Array)
#7 /Users/dimiantoni/dev/sp/vendor/laravel/framework/src/Illuminate/Mail/Mailer.php(395): Swift_Mailer->send(Object(Swift_Message), Array)
#8 /Users/dimiantoni/dev/sp/vendor/laravel/framework/src/Illuminate/Mail/Mailer.php(217): Illuminate\Mail\Mailer->sendSwiftMessage(Object(Swift_Message))
#9 /Users/dimiantoni/dev/sp/vendor/laravel/framework/src/Illuminate/Notifications/Channels/MailChannel.php(85): Illuminate\Mail\Mailer->send(Array, Array, Object(Closure))
#10 /Users/dimiantoni/dev/sp/vendor/laravel/framework/src/Illuminate/Notifications/ChannelManager.php(79): Illuminate\Notifications\Channels\MailChannel->send(Object(App\User), Object(Illuminate\Auth\Notifications\ResetPassword))
#11 /Users/dimiantoni/dev/sp/vendor/laravel/framework/src/Illuminate/Notifications/ChannelManager.php(43): Illuminate\Notifications\ChannelManager->sendNow(Object(Illuminate\Database\Eloquent\Collection), Object(Illuminate\Auth\Notifications\ResetPassword))
#12 /Users/dimiantoni/dev/sp/vendor/laravel/framework/src/Illuminate/Notifications/RoutesNotifications.php(18): Illuminate\Notifications\ChannelManager->send(Object(App\User), Object(Illuminate\Auth\Notifications\ResetPassword))
#13 /Users/dimiantoni/dev/sp/vendor/laravel/framework/src/Illuminate/Auth/Passwords/CanResetPassword.php(27): App\User->notify(Object(Illuminate\Auth\Notifications\ResetPassword))
#14 /Users/dimiantoni/dev/sp/vendor/laravel/framework/src/Illuminate/Auth/Passwords/PasswordBroker.php(71): Illuminate\Foundation\Auth\User->sendPasswordResetNotification('102f887ca673a03...')
#15 /Users/dimiantoni/dev/sp/vendor/laravel/framework/src/Illuminate/Foundation/Auth/SendsPasswordResetEmails.php(35): Illuminate\Auth\Passwords\PasswordBroker->sendResetLink(Array)
#16 [internal function]: App\Http\Controllers\Auth\ForgotPasswordController->sendResetLinkEmail(Object(Illuminate\Http\Request))
#17 /Users/dimiantoni/dev/sp/vendor/laravel/framework/src/Illuminate/Routing/Controller.php(55): call_user_func_array(Array, Array)
#18 /Users/dimiantoni/dev/sp/vendor/laravel/framework/src/Illuminate/Routing/ControllerDispatcher.php(44): Illuminate\Routing\Controller->callAction('sendResetLinkEm...', Array)
#19 /Users/dimiantoni/dev/sp/vendor/laravel/framework/src/Illuminate/Routing/Route.php(190): Illuminate\Routing\ControllerDispatcher->dispatch(Object(Illuminate\Routing\Route), Object(App\Http\Controllers\Auth\ForgotPasswordController), 'sendResetLinkEm...')
#20 /Users/dimiantoni/dev/sp/vendor/laravel/framework/src/Illuminate/Routing/Route.php(144): Illuminate\Routing\Route->runController()
#21 /Users/dimiantoni/dev/sp/vendor/laravel/framework/src/Illuminate/Routing/Router.php(653): Illuminate\Routing\Route->run(Object(Illuminate\Http\Request))
#22 /Users/dimiantoni/dev/sp/vendor/laravel/framework/src/Illuminate/Routing/Pipeline.php(53): Illuminate\Routing\Router->Illuminate\Routing\{closure}(Object(Illuminate\Http\Request))
#23 /Users/dimiantoni/dev/sp/app/Http/Middleware/RedirectIfAuthenticated.php(24): Illuminate\Routing\Pipeline->Illuminate\Routing\{closure}(Object(Illuminate\Http\Request))
#24 /Users/dimiantoni/dev/sp/vendor/laravel/framework/src/Illuminate/Pipeline/Pipeline.php(137): App\Http\Middleware\RedirectIfAuthenticated->handle(Object(Illuminate\Http\Request), Object(Closure))
#25 /Users/dimiantoni/dev/sp/vendor/laravel/framework/src/Illuminate/Routing/Pipeline.php(33): Illuminate\Pipeline\Pipeline->Illuminate\Pipeline\{closure}(Object(Illuminate\Http\Request))
#26 /Users/dimiantoni/dev/sp/vendor/laravel/framework/src/Illuminate/Routing/Middleware/SubstituteBindings.php(41): Illuminate\Routing\Pipeline->Illuminate\Routing\{closure}(Object(Illuminate\Http\Request))
#27 /Users/dimiantoni/dev/sp/vendor/laravel/framework/src/Illuminate/Pipeline/Pipeline.php(137): Illuminate\Routing\Middleware\SubstituteBindings->handle(Object(Illuminate\Http\Request), Object(Closure))
#28 /Users/dimiantoni/dev/sp/vendor/laravel/framework/src/Illuminate/Routing/Pipeline.php(33): Illuminate\Pipeline\Pipeline->Illuminate\Pipeline\{closure}(Object(Illuminate\Http\Request))
#29 /Users/dimiantoni/dev/sp/vendor/laravel/framework/src/Illuminate/Foundation/Http/Middleware/VerifyCsrfToken.php(65): Illuminate\Routing\Pipeline->Illuminate\Routing\{closure}(Object(Illuminate\Http\Request))
#30 /Users/dimiantoni/dev/sp/vendor/laravel/framework/src/Illuminate/Pipeline/Pipeline.php(137): Illuminate\Foundation\Http\Middleware\VerifyCsrfToken->handle(Object(Illuminate\Http\Request), Object(Closure))
#31 /Users/dimiantoni/dev/sp/vendor/laravel/framework/src/Illuminate/Routing/Pipeline.php(33): Illuminate\Pipeline\Pipeline->Illuminate\Pipeline\{closure}(Object(Illuminate\Http\Request))
#32 /Users/dimiantoni/dev/sp/vendor/laravel/framework/src/Illuminate/View/Middleware/ShareErrorsFromSession.php(49): Illuminate\Routing\Pipeline->Illuminate\Routing\{closure}(Object(Illuminate\Http\Request))
#33 /Users/dimiantoni/dev/sp/vendor/laravel/framework/src/Illuminate/Pipeline/Pipeline.php(137): Illuminate\View\Middleware\ShareErrorsFromSession->handle(Object(Illuminate\Http\Request), Object(Closure))
#34 /Users/dimiantoni/dev/sp/vendor/laravel/framework/src/Illuminate/Routing/Pipeline.php(33): Illuminate\Pipeline\Pipeline->Illuminate\Pipeline\{closure}(Object(Illuminate\Http\Request))
#35 /Users/dimiantoni/dev/sp/vendor/laravel/framework/src/Illuminate/Session/Middleware/StartSession.php(64): Illuminate\Routing\Pipeline->Illuminate\Routing\{closure}(Object(Illuminate\Http\Request))
#36 /Users/dimiantoni/dev/sp/vendor/laravel/framework/src/Illuminate/Pipeline/Pipeline.php(137): Illuminate\Session\Middleware\StartSession->handle(Object(Illuminate\Http\Request), Object(Closure))
#37 /Users/dimiantoni/dev/sp/vendor/laravel/framework/src/Illuminate/Routing/Pipeline.php(33): Illuminate\Pipeline\Pipeline->Illuminate\Pipeline\{closure}(Object(Illuminate\Http\Request))
#38 /Users/dimiantoni/dev/sp/vendor/laravel/framework/src/Illuminate/Cookie/Middleware/AddQueuedCookiesToResponse.php(37): Illuminate\Routing\Pipeline->Illuminate\Routing\{closure}(Object(Illuminate\Http\Request))
#39 /Users/dimiantoni/dev/sp/vendor/laravel/framework/src/Illuminate/Pipeline/Pipeline.php(137): Illuminate\Cookie\Middleware\AddQueuedCookiesToResponse->handle(Object(Illuminate\Http\Request), Object(Closure))
#40 /Users/dimiantoni/dev/sp/vendor/laravel/framework/src/Illuminate/Routing/Pipeline.php(33): Illuminate\Pipeline\Pipeline->Illuminate\Pipeline\{closure}(Object(Illuminate\Http\Request))
#41 /Users/dimiantoni/dev/sp/vendor/laravel/framework/src/Illuminate/Cookie/Middleware/EncryptCookies.php(59): Illuminate\Routing\Pipeline->Illuminate\Routing\{closure}(Object(Illuminate\Http\Request))
#42 /Users/dimiantoni/dev/sp/vendor/laravel/framework/src/Illuminate/Pipeline/Pipeline.php(137): Illuminate\Cookie\Middleware\EncryptCookies->handle(Object(Illuminate\Http\Request), Object(Closure))
#43 /Users/dimiantoni/dev/sp/vendor/laravel/framework/src/Illuminate/Routing/Pipeline.php(33): Illuminate\Pipeline\Pipeline->Illuminate\Pipeline\{closure}(Object(Illuminate\Http\Request))
#44 /Users/dimiantoni/dev/sp/vendor/laravel/framework/src/Illuminate/Pipeline/Pipeline.php(104): Illuminate\Routing\Pipeline->Illuminate\Routing\{closure}(Object(Illuminate\Http\Request))
#45 /Users/dimiantoni/dev/sp/vendor/laravel/framework/src/Illuminate/Routing/Router.php(655): Illuminate\Pipeline\Pipeline->then(Object(Closure))
#46 /Users/dimiantoni/dev/sp/vendor/laravel/framework/src/Illuminate/Routing/Router.php(629): Illuminate\Routing\Router->runRouteWithinStack(Object(Illuminate\Routing\Route), Object(Illuminate\Http\Request))
#47 /Users/dimiantoni/dev/sp/vendor/laravel/framework/src/Illuminate/Routing/Router.php(607): Illuminate\Routing\Router->dispatchToRoute(Object(Illuminate\Http\Request))
#48 /Users/dimiantoni/dev/sp/vendor/laravel/framework/src/Illuminate/Foundation/Http/Kernel.php(268): Illuminate\Routing\Router->dispatch(Object(Illuminate\Http\Request))
#49 /Users/dimiantoni/dev/sp/vendor/laravel/framework/src/Illuminate/Routing/Pipeline.php(53): Illuminate\Foundation\Http\Kernel->Illuminate\Foundation\Http\{closure}(Object(Illuminate\Http\Request))
#50 /Users/dimiantoni/dev/sp/vendor/laravel/framework/src/Illuminate/Foundation/Http/Middleware/CheckForMaintenanceMode.php(46): Illuminate\Routing\Pipeline->Illuminate\Routing\{closure}(Object(Illuminate\Http\Request))
#51 /Users/dimiantoni/dev/sp/vendor/laravel/framework/src/Illuminate/Pipeline/Pipeline.php(137): Illuminate\Foundation\Http\Middleware\CheckForMaintenanceMode->handle(Object(Illuminate\Http\Request), Object(Closure))
#52 /Users/dimiantoni/dev/sp/vendor/laravel/framework/src/Illuminate/Routing/Pipeline.php(33): Illuminate\Pipeline\Pipeline->Illuminate\Pipeline\{closure}(Object(Illuminate\Http\Request))
#53 /Users/dimiantoni/dev/sp/vendor/laravel/framework/src/Illuminate/Pipeline/Pipeline.php(104): Illuminate\Routing\Pipeline->Illuminate\Routing\{closure}(Object(Illuminate\Http\Request))
#54 /Users/dimiantoni/dev/sp/vendor/laravel/framework/src/Illuminate/Foundation/Http/Kernel.php(150): Illuminate\Pipeline\Pipeline->then(Object(Closure))
#55 /Users/dimiantoni/dev/sp/vendor/laravel/framework/src/Illuminate/Foundation/Http/Kernel.php(117): Illuminate\Foundation\Http\Kernel->sendRequestThroughRouter(Object(Illuminate\Http\Request))
#56 /Users/dimiantoni/dev/sp/public/index.php(54): Illuminate\Foundation\Http\Kernel->handle(Object(Illuminate\Http\Request))
#57 /Users/dimiantoni/dev/sp/server.php(21): require_once('/Users/dimianto...')
#58 {main}  
[2017-04-11 11:20:12] local.ERROR: exception 'Swift_TransportException' with message 'Expected response code 250 but got code "530", with message "530 5.7.1 Authentication required
"' in /Users/dimiantoni/dev/sp/vendor/swiftmailer/swiftmailer/lib/classes/Swift/Transport/AbstractSmtpTransport.php:383
Stack trace:
#0 /Users/dimiantoni/dev/sp/vendor/swiftmailer/swiftmailer/lib/classes/Swift/Transport/AbstractSmtpTransport.php(281): Swift_Transport_AbstractSmtpTransport->_assertResponseCode('530 5.7.1 Authe...', Array)
#1 /Users/dimiantoni/dev/sp/vendor/swiftmailer/swiftmailer/lib/classes/Swift/Transport/EsmtpTransport.php(270): Swift_Transport_AbstractSmtpTransport->executeCommand('MAIL FROM:<cont...', Array, Array)
#2 /Users/dimiantoni/dev/sp/vendor/swiftmailer/swiftmailer/lib/classes/Swift/Transport/EsmtpTransport.php(347): Swift_Transport_EsmtpTransport->executeCommand('MAIL FROM:<cont...', Array)
#3 /Users/dimiantoni/dev/sp/vendor/swiftmailer/swiftmailer/lib/classes/Swift/Transport/AbstractSmtpTransport.php(416): Swift_Transport_EsmtpTransport->_doMailFromCommand('contato@seupoli...')
#4 /Users/dimiantoni/dev/sp/vendor/swiftmailer/swiftmailer/lib/classes/Swift/Transport/AbstractSmtpTransport.php(444): Swift_Transport_AbstractSmtpTransport->_doMailTransaction(Object(Swift_Message), 'contato@seupoli...', Array, Array)
#5 /Users/dimiantoni/dev/sp/vendor/swiftmailer/swiftmailer/lib/classes/Swift/Transport/AbstractSmtpTransport.php(176): Swift_Transport_AbstractSmtpTransport->_sendTo(Object(Swift_Message), 'contato@seupoli...', Array, Array)
#6 /Users/dimiantoni/dev/sp/vendor/swiftmailer/swiftmailer/lib/classes/Swift/Mailer.php(85): Swift_Transport_AbstractSmtpTransport->send(Object(Swift_Message), Array)
#7 /Users/dimiantoni/dev/sp/vendor/laravel/framework/src/Illuminate/Mail/Mailer.php(395): Swift_Mailer->send(Object(Swift_Message), Array)
#8 /Users/dimiantoni/dev/sp/vendor/laravel/framework/src/Illuminate/Mail/Mailer.php(217): Illuminate\Mail\Mailer->sendSwiftMessage(Object(Swift_Message))
#9 /Users/dimiantoni/dev/sp/vendor/laravel/framework/src/Illuminate/Notifications/Channels/MailChannel.php(85): Illuminate\Mail\Mailer->send(Array, Array, Object(Closure))
#10 /Users/dimiantoni/dev/sp/vendor/laravel/framework/src/Illuminate/Notifications/ChannelManager.php(79): Illuminate\Notifications\Channels\MailChannel->send(Object(App\User), Object(Illuminate\Auth\Notifications\ResetPassword))
#11 /Users/dimiantoni/dev/sp/vendor/laravel/framework/src/Illuminate/Notifications/ChannelManager.php(43): Illuminate\Notifications\ChannelManager->sendNow(Object(Illuminate\Database\Eloquent\Collection), Object(Illuminate\Auth\Notifications\ResetPassword))
#12 /Users/dimiantoni/dev/sp/vendor/laravel/framework/src/Illuminate/Notifications/RoutesNotifications.php(18): Illuminate\Notifications\ChannelManager->send(Object(App\User), Object(Illuminate\Auth\Notifications\ResetPassword))
#13 /Users/dimiantoni/dev/sp/vendor/laravel/framework/src/Illuminate/Auth/Passwords/CanResetPassword.php(27): App\User->notify(Object(Illuminate\Auth\Notifications\ResetPassword))
#14 /Users/dimiantoni/dev/sp/vendor/laravel/framework/src/Illuminate/Auth/Passwords/PasswordBroker.php(71): Illuminate\Foundation\Auth\User->sendPasswordResetNotification('174eef3e16fb250...')
#15 /Users/dimiantoni/dev/sp/vendor/laravel/framework/src/Illuminate/Foundation/Auth/SendsPasswordResetEmails.php(35): Illuminate\Auth\Passwords\PasswordBroker->sendResetLink(Array)
#16 [internal function]: App\Http\Controllers\Auth\ForgotPasswordController->sendResetLinkEmail(Object(Illuminate\Http\Request))
#17 /Users/dimiantoni/dev/sp/vendor/laravel/framework/src/Illuminate/Routing/Controller.php(55): call_user_func_array(Array, Array)
#18 /Users/dimiantoni/dev/sp/vendor/laravel/framework/src/Illuminate/Routing/ControllerDispatcher.php(44): Illuminate\Routing\Controller->callAction('sendResetLinkEm...', Array)
#19 /Users/dimiantoni/dev/sp/vendor/laravel/framework/src/Illuminate/Routing/Route.php(190): Illuminate\Routing\ControllerDispatcher->dispatch(Object(Illuminate\Routing\Route), Object(App\Http\Controllers\Auth\ForgotPasswordController), 'sendResetLinkEm...')
#20 /Users/dimiantoni/dev/sp/vendor/laravel/framework/src/Illuminate/Routing/Route.php(144): Illuminate\Routing\Route->runController()
#21 /Users/dimiantoni/dev/sp/vendor/laravel/framework/src/Illuminate/Routing/Router.php(653): Illuminate\Routing\Route->run(Object(Illuminate\Http\Request))
#22 /Users/dimiantoni/dev/sp/vendor/laravel/framework/src/Illuminate/Routing/Pipeline.php(53): Illuminate\Routing\Router->Illuminate\Routing\{closure}(Object(Illuminate\Http\Request))
#23 /Users/dimiantoni/dev/sp/app/Http/Middleware/RedirectIfAuthenticated.php(24): Illuminate\Routing\Pipeline->Illuminate\Routing\{closure}(Object(Illuminate\Http\Request))
#24 /Users/dimiantoni/dev/sp/vendor/laravel/framework/src/Illuminate/Pipeline/Pipeline.php(137): App\Http\Middleware\RedirectIfAuthenticated->handle(Object(Illuminate\Http\Request), Object(Closure))
#25 /Users/dimiantoni/dev/sp/vendor/laravel/framework/src/Illuminate/Routing/Pipeline.php(33): Illuminate\Pipeline\Pipeline->Illuminate\Pipeline\{closure}(Object(Illuminate\Http\Request))
#26 /Users/dimiantoni/dev/sp/vendor/laravel/framework/src/Illuminate/Routing/Middleware/SubstituteBindings.php(41): Illuminate\Routing\Pipeline->Illuminate\Routing\{closure}(Object(Illuminate\Http\Request))
#27 /Users/dimiantoni/dev/sp/vendor/laravel/framework/src/Illuminate/Pipeline/Pipeline.php(137): Illuminate\Routing\Middleware\SubstituteBindings->handle(Object(Illuminate\Http\Request), Object(Closure))
#28 /Users/dimiantoni/dev/sp/vendor/laravel/framework/src/Illuminate/Routing/Pipeline.php(33): Illuminate\Pipeline\Pipeline->Illuminate\Pipeline\{closure}(Object(Illuminate\Http\Request))
#29 /Users/dimiantoni/dev/sp/vendor/laravel/framework/src/Illuminate/Foundation/Http/Middleware/VerifyCsrfToken.php(65): Illuminate\Routing\Pipeline->Illuminate\Routing\{closure}(Object(Illuminate\Http\Request))
#30 /Users/dimiantoni/dev/sp/vendor/laravel/framework/src/Illuminate/Pipeline/Pipeline.php(137): Illuminate\Foundation\Http\Middleware\VerifyCsrfToken->handle(Object(Illuminate\Http\Request), Object(Closure))
#31 /Users/dimiantoni/dev/sp/vendor/laravel/framework/src/Illuminate/Routing/Pipeline.php(33): Illuminate\Pipeline\Pipeline->Illuminate\Pipeline\{closure}(Object(Illuminate\Http\Request))
#32 /Users/dimiantoni/dev/sp/vendor/laravel/framework/src/Illuminate/View/Middleware/ShareErrorsFromSession.php(49): Illuminate\Routing\Pipeline->Illuminate\Routing\{closure}(Object(Illuminate\Http\Request))
#33 /Users/dimiantoni/dev/sp/vendor/laravel/framework/src/Illuminate/Pipeline/Pipeline.php(137): Illuminate\View\Middleware\ShareErrorsFromSession->handle(Object(Illuminate\Http\Request), Object(Closure))
#34 /Users/dimiantoni/dev/sp/vendor/laravel/framework/src/Illuminate/Routing/Pipeline.php(33): Illuminate\Pipeline\Pipeline->Illuminate\Pipeline\{closure}(Object(Illuminate\Http\Request))
#35 /Users/dimiantoni/dev/sp/vendor/laravel/framework/src/Illuminate/Session/Middleware/StartSession.php(64): Illuminate\Routing\Pipeline->Illuminate\Routing\{closure}(Object(Illuminate\Http\Request))
#36 /Users/dimiantoni/dev/sp/vendor/laravel/framework/src/Illuminate/Pipeline/Pipeline.php(137): Illuminate\Session\Middleware\StartSession->handle(Object(Illuminate\Http\Request), Object(Closure))
#37 /Users/dimiantoni/dev/sp/vendor/laravel/framework/src/Illuminate/Routing/Pipeline.php(33): Illuminate\Pipeline\Pipeline->Illuminate\Pipeline\{closure}(Object(Illuminate\Http\Request))
#38 /Users/dimiantoni/dev/sp/vendor/laravel/framework/src/Illuminate/Cookie/Middleware/AddQueuedCookiesToResponse.php(37): Illuminate\Routing\Pipeline->Illuminate\Routing\{closure}(Object(Illuminate\Http\Request))
#39 /Users/dimiantoni/dev/sp/vendor/laravel/framework/src/Illuminate/Pipeline/Pipeline.php(137): Illuminate\Cookie\Middleware\AddQueuedCookiesToResponse->handle(Object(Illuminate\Http\Request), Object(Closure))
#40 /Users/dimiantoni/dev/sp/vendor/laravel/framework/src/Illuminate/Routing/Pipeline.php(33): Illuminate\Pipeline\Pipeline->Illuminate\Pipeline\{closure}(Object(Illuminate\Http\Request))
#41 /Users/dimiantoni/dev/sp/vendor/laravel/framework/src/Illuminate/Cookie/Middleware/EncryptCookies.php(59): Illuminate\Routing\Pipeline->Illuminate\Routing\{closure}(Object(Illuminate\Http\Request))
#42 /Users/dimiantoni/dev/sp/vendor/laravel/framework/src/Illuminate/Pipeline/Pipeline.php(137): Illuminate\Cookie\Middleware\EncryptCookies->handle(Object(Illuminate\Http\Request), Object(Closure))
#43 /Users/dimiantoni/dev/sp/vendor/laravel/framework/src/Illuminate/Routing/Pipeline.php(33): Illuminate\Pipeline\Pipeline->Illuminate\Pipeline\{closure}(Object(Illuminate\Http\Request))
#44 /Users/dimiantoni/dev/sp/vendor/laravel/framework/src/Illuminate/Pipeline/Pipeline.php(104): Illuminate\Routing\Pipeline->Illuminate\Routing\{closure}(Object(Illuminate\Http\Request))
#45 /Users/dimiantoni/dev/sp/vendor/laravel/framework/src/Illuminate/Routing/Router.php(655): Illuminate\Pipeline\Pipeline->then(Object(Closure))
#46 /Users/dimiantoni/dev/sp/vendor/laravel/framework/src/Illuminate/Routing/Router.php(629): Illuminate\Routing\Router->runRouteWithinStack(Object(Illuminate\Routing\Route), Object(Illuminate\Http\Request))
#47 /Users/dimiantoni/dev/sp/vendor/laravel/framework/src/Illuminate/Routing/Router.php(607): Illuminate\Routing\Router->dispatchToRoute(Object(Illuminate\Http\Request))
#48 /Users/dimiantoni/dev/sp/vendor/laravel/framework/src/Illuminate/Foundation/Http/Kernel.php(268): Illuminate\Routing\Router->dispatch(Object(Illuminate\Http\Request))
#49 /Users/dimiantoni/dev/sp/vendor/laravel/framework/src/Illuminate/Routing/Pipeline.php(53): Illuminate\Foundation\Http\Kernel->Illuminate\Foundation\Http\{closure}(Object(Illuminate\Http\Request))
#50 /Users/dimiantoni/dev/sp/vendor/laravel/framework/src/Illuminate/Foundation/Http/Middleware/CheckForMaintenanceMode.php(46): Illuminate\Routing\Pipeline->Illuminate\Routing\{closure}(Object(Illuminate\Http\Request))
#51 /Users/dimiantoni/dev/sp/vendor/laravel/framework/src/Illuminate/Pipeline/Pipeline.php(137): Illuminate\Foundation\Http\Middleware\CheckForMaintenanceMode->handle(Object(Illuminate\Http\Request), Object(Closure))
#52 /Users/dimiantoni/dev/sp/vendor/laravel/framework/src/Illuminate/Routing/Pipeline.php(33): Illuminate\Pipeline\Pipeline->Illuminate\Pipeline\{closure}(Object(Illuminate\Http\Request))
#53 /Users/dimiantoni/dev/sp/vendor/laravel/framework/src/Illuminate/Pipeline/Pipeline.php(104): Illuminate\Routing\Pipeline->Illuminate\Routing\{closure}(Object(Illuminate\Http\Request))
#54 /Users/dimiantoni/dev/sp/vendor/laravel/framework/src/Illuminate/Foundation/Http/Kernel.php(150): Illuminate\Pipeline\Pipeline->then(Object(Closure))
#55 /Users/dimiantoni/dev/sp/vendor/laravel/framework/src/Illuminate/Foundation/Http/Kernel.php(117): Illuminate\Foundation\Http\Kernel->sendRequestThroughRouter(Object(Illuminate\Http\Request))
#56 /Users/dimiantoni/dev/sp/public/index.php(54): Illuminate\Foundation\Http\Kernel->handle(Object(Illuminate\Http\Request))
#57 /Users/dimiantoni/dev/sp/server.php(21): require_once('/Users/dimianto...')
#58 {main}  
